{"/home/x/Documents/easy-update/apps/server/src/index.ts": {"path":"/home/x/Documents/easy-update/apps/server/src/index.ts","statementMap":{"0":{"start":{"line":10,"column":6},"end":{"line":10,"column":21}},"1":{"start":{"line":11,"column":13},"end":{"line":11,"column":45}},"2":{"start":{"line":13,"column":0},"end":{"line":13,"column":null}},"3":{"start":{"line":14,"column":0},"end":{"line":14,"column":null}},"4":{"start":{"line":16,"column":0},"end":{"line":22,"column":null}},"5":{"start":{"line":17,"column":2},"end":{"line":21,"column":null}},"6":{"start":{"line":24,"column":0},"end":{"line":24,"column":null}},"7":{"start":{"line":26,"column":0},"end":{"line":26,"column":null}},"8":{"start":{"line":27,"column":0},"end":{"line":27,"column":null}},"9":{"start":{"line":28,"column":0},"end":{"line":28,"column":null}},"10":{"start":{"line":31,"column":0},"end":{"line":31,"column":null}},"11":{"start":{"line":34,"column":0},"end":{"line":34,"column":null}},"12":{"start":{"line":36,"column":0},"end":{"line":38,"column":null}},"13":{"start":{"line":37,"column":2},"end":{"line":37,"column":null}}},"fnMap":{"0":{"name":"(anonymous_0)","decl":{"start":{"line":16,"column":8},"end":{"line":16,"column":24}},"loc":{"start":{"line":16,"column":38},"end":{"line":22,"column":null}},"line":16},"1":{"name":"(anonymous_1)","decl":{"start":{"line":36,"column":11},"end":{"line":36,"column":23}},"loc":{"start":{"line":36,"column":23},"end":{"line":38,"column":null}},"line":36}},"branchMap":{"0":{"loc":{"start":{"line":11,"column":20},"end":{"line":11,"column":45}},"type":"binary-expr","locations":[{"start":{"line":11,"column":20},"end":{"line":11,"column":40}},{"start":{"line":11,"column":40},"end":{"line":11,"column":45}}],"line":11}},"s":{"0":0,"1":0,"2":0,"3":0,"4":0,"5":0,"6":0,"7":0,"8":0,"9":0,"10":0,"11":0,"12":0,"13":0},"f":{"0":0,"1":0},"b":{"0":[0,0]},"meta":{"lastBranch":1,"lastFunction":2,"lastStatement":14,"seen":{"s:10:6:10:21":0,"s:11:13:11:45":1,"b:11:20:11:40:11:40:11:45":0,"s:13:0:13:Infinity":2,"s:14:0:14:Infinity":3,"s:16:0:22:Infinity":4,"f:16:8:16:24":0,"s:17:2:21:Infinity":5,"s:24:0:24:Infinity":6,"s:26:0:26:Infinity":7,"s:27:0:27:Infinity":8,"s:28:0:28:Infinity":9,"s:31:0:31:Infinity":10,"s:34:0:34:Infinity":11,"s:36:0:38:Infinity":12,"f:36:11:36:23":1,"s:37:2:37:Infinity":13}}}
,"/home/x/Documents/easy-update/apps/server/src/middleware/clerkAuth.ts": {"path":"/home/x/Documents/easy-update/apps/server/src/middleware/clerkAuth.ts","statementMap":{"0":{"start":{"line":14,"column":13},"end":{"line":21,"column":null}},"1":{"start":{"line":15,"column":18},"end":{"line":15,"column":null}},"2":{"start":{"line":17,"column":2},"end":{"line":18,"column":null}},"3":{"start":{"line":18,"column":4},"end":{"line":18,"column":null}},"4":{"start":{"line":21,"column":2},"end":{"line":21,"column":null}},"5":{"start":{"line":24,"column":37},"end":{"line":99,"column":null}},"6":{"start":{"line":29,"column":21},"end":{"line":29,"column":45}},"7":{"start":{"line":31,"column":2},"end":{"line":33,"column":null}},"8":{"start":{"line":32,"column":4},"end":{"line":32,"column":null}},"9":{"start":{"line":33,"column":4},"end":{"line":33,"column":null}},"10":{"start":{"line":36,"column":26},"end":{"line":36,"column":47}},"11":{"start":{"line":38,"column":2},"end":{"line":40,"column":null}},"12":{"start":{"line":39,"column":4},"end":{"line":39,"column":null}},"13":{"start":{"line":40,"column":4},"end":{"line":40,"column":null}},"14":{"start":{"line":43,"column":3},"end":{"line":99,"column":null}},"15":{"start":{"line":44,"column":21},"end":{"line":52,"column":7}},"16":{"start":{"line":54,"column":20},"end":{"line":54,"column":null}},"17":{"start":{"line":56,"column":4},"end":{"line":58,"column":null}},"18":{"start":{"line":57,"column":6},"end":{"line":57,"column":null}},"19":{"start":{"line":58,"column":6},"end":{"line":58,"column":null}},"20":{"start":{"line":62,"column":17},"end":{"line":66,"column":15}},"21":{"start":{"line":69,"column":4},"end":{"line":83,"column":null}},"22":{"start":{"line":70,"column":22},"end":{"line":73,"column":null}},"23":{"start":{"line":74,"column":6},"end":{"line":77,"column":null}},"24":{"start":{"line":80,"column":6},"end":{"line":83,"column":null}},"25":{"start":{"line":81,"column":8},"end":{"line":83,"column":null}},"26":{"start":{"line":82,"column":10},"end":{"line":82,"column":61}},"27":{"start":{"line":87,"column":5},"end":{"line":91,"column":null}},"28":{"start":{"line":93,"column":4},"end":{"line":93,"column":null}},"29":{"start":{"line":95,"column":5},"end":{"line":99,"column":null}}},"fnMap":{"0":{"name":"(anonymous_0)","decl":{"start":{"line":14,"column":13},"end":{"line":14,"column":39}},"loc":{"start":{"line":14,"column":56},"end":{"line":21,"column":null}},"line":14},"1":{"name":"(anonymous_1)","decl":{"start":{"line":24,"column":37},"end":{"line":24,"column":null}},"loc":{"start":{"line":28,"column":5},"end":{"line":99,"column":null}},"line":28},"2":{"name":"(anonymous_2)","decl":{"start":{"line":81,"column":43},"end":{"line":81,"column":50}},"loc":{"start":{"line":82,"column":10},"end":{"line":82,"column":61}},"line":82}},"branchMap":{"0":{"loc":{"start":{"line":17,"column":2},"end":{"line":18,"column":null}},"type":"if","locations":[{"start":{"line":17,"column":2},"end":{"line":18,"column":null}},{"start":{},"end":{}}],"line":17},"1":{"loc":{"start":{"line":31,"column":2},"end":{"line":33,"column":null}},"type":"if","locations":[{"start":{"line":31,"column":2},"end":{"line":33,"column":null}},{"start":{},"end":{}}],"line":31},"2":{"loc":{"start":{"line":38,"column":2},"end":{"line":40,"column":null}},"type":"if","locations":[{"start":{"line":38,"column":2},"end":{"line":40,"column":null}},{"start":{},"end":{}}],"line":38},"3":{"loc":{"start":{"line":38,"column":6},"end":{"line":38,"column":52}},"type":"binary-expr","locations":[{"start":{"line":38,"column":6},"end":{"line":38,"column":44}},{"start":{"line":38,"column":44},"end":{"line":38,"column":52}}],"line":38},"4":{"loc":{"start":{"line":56,"column":4},"end":{"line":58,"column":null}},"type":"if","locations":[{"start":{"line":56,"column":4},"end":{"line":58,"column":null}},{"start":{},"end":{}}],"line":56},"5":{"loc":{"start":{"line":69,"column":4},"end":{"line":83,"column":null}},"type":"if","locations":[{"start":{"line":69,"column":4},"end":{"line":83,"column":null}},{"start":{},"end":{}}],"line":69},"6":{"loc":{"start":{"line":72,"column":16},"end":{"line":72,"column":null}},"type":"binary-expr","locations":[{"start":{"line":72,"column":16},"end":{"line":72,"column":33}},{"start":{"line":72,"column":33},"end":{"line":72,"column":null}}],"line":72},"7":{"loc":{"start":{"line":80,"column":6},"end":{"line":83,"column":null}},"type":"if","locations":[{"start":{"line":80,"column":6},"end":{"line":83,"column":null}},{"start":{},"end":{}}],"line":80},"8":{"loc":{"start":{"line":96,"column":7},"end":{"line":98,"column":63}},"type":"cond-expr","locations":[{"start":{"line":97,"column":11},"end":{"line":97,"column":null}},{"start":{"line":98,"column":11},"end":{"line":98,"column":63}}],"line":96}},"s":{"0":1,"1":3,"2":3,"3":2,"4":1,"5":1,"6":4,"7":4,"8":1,"9":1,"10":3,"11":3,"12":1,"13":1,"14":2,"15":2,"16":1,"17":1,"18":0,"19":0,"20":1,"21":1,"22":1,"23":1,"24":1,"25":1,"26":0,"27":1,"28":1,"29":1},"f":{"0":3,"1":4,"2":0},"b":{"0":[2,1],"1":[1,3],"2":[1,2],"3":[3,2],"4":[0,1],"5":[1,0],"6":[1,1],"7":[1,0],"8":[0,1]},"meta":{"lastBranch":9,"lastFunction":3,"lastStatement":30,"seen":{"s:14:13:21:Infinity":0,"f:14:13:14:39":0,"s:15:18:15:Infinity":1,"b:17:2:18:Infinity:undefined:undefined:undefined:undefined":0,"s:17:2:18:Infinity":2,"s:18:4:18:Infinity":3,"s:21:2:21:Infinity":4,"s:24:37:99:Infinity":5,"f:24:37:24:Infinity":1,"s:29:21:29:45":6,"b:31:2:33:Infinity:undefined:undefined:undefined:undefined":1,"s:31:2:33:Infinity":7,"s:32:4:32:Infinity":8,"s:33:4:33:Infinity":9,"s:36:26:36:47":10,"b:38:2:40:Infinity:undefined:undefined:undefined:undefined":2,"s:38:2:40:Infinity":11,"b:38:6:38:44:38:44:38:52":3,"s:39:4:39:Infinity":12,"s:40:4:40:Infinity":13,"s:43:3:99:Infinity":14,"s:44:21:52:7":15,"s:54:20:54:Infinity":16,"b:56:4:58:Infinity:undefined:undefined:undefined:undefined":4,"s:56:4:58:Infinity":17,"s:57:6:57:Infinity":18,"s:58:6:58:Infinity":19,"s:62:17:66:15":20,"b:69:4:83:Infinity:undefined:undefined:undefined:undefined":5,"s:69:4:83:Infinity":21,"s:70:22:73:Infinity":22,"b:72:16:72:33:72:33:72:Infinity":6,"s:74:6:77:Infinity":23,"b:80:6:83:Infinity:undefined:undefined:undefined:undefined":7,"s:80:6:83:Infinity":24,"s:81:8:83:Infinity":25,"f:81:43:81:50":2,"s:82:10:82:61":26,"s:87:5:91:Infinity":27,"s:93:4:93:Infinity":28,"s:95:5:99:Infinity":29,"b:97:11:97:Infinity:98:11:98:63":8}}}
,"/home/x/Documents/easy-update/apps/server/src/middleware/errorHandler.ts": {"path":"/home/x/Documents/easy-update/apps/server/src/middleware/errorHandler.ts","statementMap":{"0":{"start":{"line":17,"column":13},"end":{"line":60,"column":null}},"1":{"start":{"line":24,"column":8},"end":{"line":24,"column":null}},"2":{"start":{"line":26,"column":19},"end":{"line":26,"column":null}},"3":{"start":{"line":27,"column":16},"end":{"line":27,"column":null}},"4":{"start":{"line":30,"column":2},"end":{"line":37,"column":null}},"5":{"start":{"line":31,"column":4},"end":{"line":31,"column":null}},"6":{"start":{"line":32,"column":4},"end":{"line":32,"column":null}},"7":{"start":{"line":35,"column":11},"end":{"line":37,"column":null}},"8":{"start":{"line":36,"column":4},"end":{"line":36,"column":null}},"9":{"start":{"line":37,"column":4},"end":{"line":37,"column":null}},"10":{"start":{"line":40,"column":34},"end":{"line":45,"column":null}},"11":{"start":{"line":49,"column":2},"end":{"line":50,"column":null}},"12":{"start":{"line":50,"column":4},"end":{"line":50,"column":null}},"13":{"start":{"line":54,"column":2},"end":{"line":58,"column":null}},"14":{"start":{"line":60,"column":2},"end":{"line":60,"column":null}},"15":{"start":{"line":67,"column":13},"end":{"line":74,"column":null}},"16":{"start":{"line":68,"column":2},"end":{"line":74,"column":null}}},"fnMap":{"0":{"name":"(anonymous_0)","decl":{"start":{"line":17,"column":13},"end":{"line":17,"column":null}},"loc":{"start":{"line":23,"column":5},"end":{"line":60,"column":null}},"line":23},"1":{"name":"(anonymous_1)","decl":{"start":{"line":67,"column":13},"end":{"line":67,"column":32}},"loc":{"start":{"line":67,"column":65},"end":{"line":74,"column":null}},"line":67}},"branchMap":{"0":{"loc":{"start":{"line":30,"column":2},"end":{"line":37,"column":null}},"type":"if","locations":[{"start":{"line":30,"column":2},"end":{"line":37,"column":null}},{"start":{"line":35,"column":11},"end":{"line":37,"column":null}}],"line":30},"1":{"loc":{"start":{"line":35,"column":11},"end":{"line":37,"column":null}},"type":"if","locations":[{"start":{"line":35,"column":11},"end":{"line":37,"column":null}},{"start":{},"end":{}}],"line":35},"2":{"loc":{"start":{"line":49,"column":2},"end":{"line":50,"column":null}},"type":"if","locations":[{"start":{"line":49,"column":2},"end":{"line":50,"column":null}},{"start":{},"end":{}}],"line":49},"3":{"loc":{"start":{"line":49,"column":6},"end":{"line":49,"column":51}},"type":"binary-expr","locations":[{"start":{"line":49,"column":6},"end":{"line":49,"column":23}},{"start":{"line":49,"column":23},"end":{"line":49,"column":51}}],"line":49}},"s":{"0":0,"1":0,"2":0,"3":0,"4":0,"5":0,"6":0,"7":0,"8":0,"9":0,"10":0,"11":0,"12":0,"13":0,"14":0,"15":0,"16":0},"f":{"0":0,"1":0},"b":{"0":[0,0],"1":[0,0],"2":[0,0],"3":[0,0]},"meta":{"lastBranch":4,"lastFunction":2,"lastStatement":17,"seen":{"s:17:13:60:Infinity":0,"f:17:13:17:Infinity":0,"s:24:8:24:Infinity":1,"s:26:19:26:Infinity":2,"s:27:16:27:Infinity":3,"b:30:2:37:Infinity:35:11:37:Infinity":0,"s:30:2:37:Infinity":4,"s:31:4:31:Infinity":5,"s:32:4:32:Infinity":6,"b:35:11:37:Infinity:undefined:undefined:undefined:undefined":1,"s:35:11:37:Infinity":7,"s:36:4:36:Infinity":8,"s:37:4:37:Infinity":9,"s:40:34:45:Infinity":10,"b:49:2:50:Infinity:undefined:undefined:undefined:undefined":2,"s:49:2:50:Infinity":11,"b:49:6:49:23:49:23:49:51":3,"s:50:4:50:Infinity":12,"s:54:2:58:Infinity":13,"s:60:2:60:Infinity":14,"s:67:13:74:Infinity":15,"f:67:13:67:32":1,"s:68:2:74:Infinity":16}}}
,"/home/x/Documents/easy-update/apps/server/src/repositories/noticesRepository.ts": {"path":"/home/x/Documents/easy-update/apps/server/src/repositories/noticesRepository.ts","statementMap":{"0":{"start":{"line":6,"column":27},"end":{"line":24,"column":null}},"1":{"start":{"line":7,"column":31},"end":{"line":13,"column":null}},"2":{"start":{"line":20,"column":2},"end":{"line":24,"column":null}},"3":{"start":{"line":27,"column":30},"end":{"line":34,"column":null}},"4":{"start":{"line":28,"column":19},"end":{"line":32,"column":13}},"5":{"start":{"line":34,"column":2},"end":{"line":34,"column":null}},"6":{"start":{"line":37,"column":39},"end":{"line":56,"column":null}},"7":{"start":{"line":43,"column":19},"end":{"line":54,"column":13}},"8":{"start":{"line":56,"column":2},"end":{"line":56,"column":null}},"9":{"start":{"line":59,"column":41},"end":{"line":76,"column":null}},"10":{"start":{"line":64,"column":18},"end":{"line":74,"column":34}},"11":{"start":{"line":76,"column":2},"end":{"line":76,"column":null}},"12":{"start":{"line":79,"column":28},"end":{"line":89,"column":null}},"13":{"start":{"line":87,"column":19},"end":{"line":87,"column":74}},"14":{"start":{"line":89,"column":2},"end":{"line":89,"column":null}},"15":{"start":{"line":92,"column":33},"end":{"line":108,"column":null}},"16":{"start":{"line":102,"column":2},"end":{"line":103,"column":null}},"17":{"start":{"line":103,"column":4},"end":{"line":103,"column":null}},"18":{"start":{"line":106,"column":19},"end":{"line":106,"column":75}},"19":{"start":{"line":108,"column":2},"end":{"line":108,"column":null}},"20":{"start":{"line":111,"column":28},"end":{"line":128,"column":null}},"21":{"start":{"line":122,"column":19},"end":{"line":126,"column":16}},"22":{"start":{"line":128,"column":2},"end":{"line":128,"column":null}},"23":{"start":{"line":131,"column":28},"end":{"line":137,"column":null}},"24":{"start":{"line":132,"column":19},"end":{"line":135,"column":16}},"25":{"start":{"line":137,"column":2},"end":{"line":137,"column":null}}},"fnMap":{"0":{"name":"(anonymous_0)","decl":{"start":{"line":6,"column":27},"end":{"line":6,"column":34}},"loc":{"start":{"line":6,"column":53},"end":{"line":24,"column":null}},"line":6},"1":{"name":"(anonymous_1)","decl":{"start":{"line":27,"column":30},"end":{"line":27,"column":37}},"loc":{"start":{"line":27,"column":68},"end":{"line":34,"column":null}},"line":27},"2":{"name":"(anonymous_2)","decl":{"start":{"line":37,"column":39},"end":{"line":37,"column":46}},"loc":{"start":{"line":42,"column":6},"end":{"line":56,"column":null}},"line":42},"3":{"name":"(anonymous_3)","decl":{"start":{"line":59,"column":41},"end":{"line":59,"column":48}},"loc":{"start":{"line":63,"column":6},"end":{"line":76,"column":null}},"line":63},"4":{"name":"(anonymous_4)","decl":{"start":{"line":79,"column":28},"end":{"line":79,"column":35}},"loc":{"start":{"line":86,"column":6},"end":{"line":89,"column":null}},"line":86},"5":{"name":"(anonymous_5)","decl":{"start":{"line":92,"column":33},"end":{"line":92,"column":null}},"loc":{"start":{"line":101,"column":5},"end":{"line":108,"column":null}},"line":101},"6":{"name":"(anonymous_6)","decl":{"start":{"line":111,"column":28},"end":{"line":111,"column":null}},"loc":{"start":{"line":121,"column":5},"end":{"line":128,"column":null}},"line":121},"7":{"name":"(anonymous_7)","decl":{"start":{"line":131,"column":28},"end":{"line":131,"column":35}},"loc":{"start":{"line":131,"column":66},"end":{"line":137,"column":null}},"line":131}},"branchMap":{"0":{"loc":{"start":{"line":34,"column":10},"end":{"line":34,"column":null}},"type":"binary-expr","locations":[{"start":{"line":34,"column":10},"end":{"line":34,"column":49}},{"start":{"line":34,"column":49},"end":{"line":34,"column":null}}],"line":34},"1":{"loc":{"start":{"line":56,"column":10},"end":{"line":56,"column":null}},"type":"binary-expr","locations":[{"start":{"line":56,"column":10},"end":{"line":56,"column":49}},{"start":{"line":56,"column":49},"end":{"line":56,"column":null}}],"line":56},"2":{"loc":{"start":{"line":102,"column":2},"end":{"line":103,"column":null}},"type":"if","locations":[{"start":{"line":102,"column":2},"end":{"line":103,"column":null}},{"start":{},"end":{}}],"line":102},"3":{"loc":{"start":{"line":128,"column":10},"end":{"line":128,"column":null}},"type":"binary-expr","locations":[{"start":{"line":128,"column":10},"end":{"line":128,"column":49}},{"start":{"line":128,"column":49},"end":{"line":128,"column":null}}],"line":128},"4":{"loc":{"start":{"line":137,"column":10},"end":{"line":137,"column":null}},"type":"binary-expr","locations":[{"start":{"line":137,"column":10},"end":{"line":137,"column":49}},{"start":{"line":137,"column":49},"end":{"line":137,"column":null}}],"line":137}},"s":{"0":1,"1":1,"2":1,"3":1,"4":2,"5":2,"6":1,"7":1,"8":1,"9":1,"10":1,"11":1,"12":1,"13":1,"14":1,"15":1,"16":2,"17":1,"18":1,"19":1,"20":1,"21":2,"22":2,"23":1,"24":2,"25":2},"f":{"0":1,"1":2,"2":1,"3":1,"4":1,"5":2,"6":2,"7":2},"b":{"0":[2,1],"1":[1,0],"2":[1,1],"3":[2,1],"4":[2,1]},"meta":{"lastBranch":5,"lastFunction":8,"lastStatement":26,"seen":{"s:6:27:24:Infinity":0,"f:6:27:6:34":0,"s:7:31:13:Infinity":1,"s:20:2:24:Infinity":2,"s:27:30:34:Infinity":3,"f:27:30:27:37":1,"s:28:19:32:13":4,"s:34:2:34:Infinity":5,"b:34:10:34:49:34:49:34:Infinity":0,"s:37:39:56:Infinity":6,"f:37:39:37:46":2,"s:43:19:54:13":7,"s:56:2:56:Infinity":8,"b:56:10:56:49:56:49:56:Infinity":1,"s:59:41:76:Infinity":9,"f:59:41:59:48":3,"s:64:18:74:34":10,"s:76:2:76:Infinity":11,"s:79:28:89:Infinity":12,"f:79:28:79:35":4,"s:87:19:87:74":13,"s:89:2:89:Infinity":14,"s:92:33:108:Infinity":15,"f:92:33:92:Infinity":5,"b:102:2:103:Infinity:undefined:undefined:undefined:undefined":2,"s:102:2:103:Infinity":16,"s:103:4:103:Infinity":17,"s:106:19:106:75":18,"s:108:2:108:Infinity":19,"s:111:28:128:Infinity":20,"f:111:28:111:Infinity":6,"s:122:19:126:16":21,"s:128:2:128:Infinity":22,"b:128:10:128:49:128:49:128:Infinity":3,"s:131:28:137:Infinity":23,"f:131:28:131:35":7,"s:132:19:135:16":24,"s:137:2:137:Infinity":25,"b:137:10:137:49:137:49:137:Infinity":4}}}
,"/home/x/Documents/easy-update/apps/server/src/routes/eventsRoutes.ts": {"path":"/home/x/Documents/easy-update/apps/server/src/routes/eventsRoutes.ts","statementMap":{"0":{"start":{"line":19,"column":13},"end":{"line":19,"column":36}},"1":{"start":{"line":21,"column":6},"end":{"line":25,"column":null}},"2":{"start":{"line":23,"column":4},"end":{"line":23,"column":null}},"3":{"start":{"line":25,"column":2},"end":{"line":25,"column":null}},"4":{"start":{"line":28,"column":0},"end":{"line":42,"column":null}},"5":{"start":{"line":31,"column":10},"end":{"line":31,"column":46}},"6":{"start":{"line":32,"column":20},"end":{"line":32,"column":44}},"7":{"start":{"line":33,"column":38},"end":{"line":38,"column":7}},"8":{"start":{"line":33,"column":63},"end":{"line":38,"column":7}},"9":{"start":{"line":40,"column":4},"end":{"line":40,"column":null}},"10":{"start":{"line":44,"column":0},"end":{"line":92,"column":null}},"11":{"start":{"line":47,"column":40},"end":{"line":47,"column":54}},"12":{"start":{"line":53,"column":4},"end":{"line":54,"column":null}},"13":{"start":{"line":54,"column":6},"end":{"line":54,"column":null}},"14":{"start":{"line":57,"column":4},"end":{"line":58,"column":null}},"15":{"start":{"line":58,"column":6},"end":{"line":58,"column":null}},"16":{"start":{"line":61,"column":22},"end":{"line":61,"column":37}},"17":{"start":{"line":63,"column":4},"end":{"line":64,"column":null}},"18":{"start":{"line":64,"column":6},"end":{"line":64,"column":null}},"19":{"start":{"line":67,"column":39},"end":{"line":74,"column":null}},"20":{"start":{"line":76,"column":10},"end":{"line":76,"column":46}},"21":{"start":{"line":77,"column":19},"end":{"line":77,"column":61}},"22":{"start":{"line":79,"column":4},"end":{"line":80,"column":null}},"23":{"start":{"line":80,"column":6},"end":{"line":80,"column":null}},"24":{"start":{"line":83,"column":4},"end":{"line":90,"column":null}},"25":{"start":{"line":94,"column":0},"end":{"line":180,"column":null}},"26":{"start":{"line":97,"column":52},"end":{"line":97,"column":66}},"27":{"start":{"line":104,"column":4},"end":{"line":110,"column":null}},"28":{"start":{"line":108,"column":6},"end":{"line":110,"column":null}},"29":{"start":{"line":113,"column":4},"end":{"line":114,"column":null}},"30":{"start":{"line":114,"column":6},"end":{"line":114,"column":null}},"31":{"start":{"line":117,"column":4},"end":{"line":118,"column":null}},"32":{"start":{"line":118,"column":6},"end":{"line":118,"column":null}},"33":{"start":{"line":121,"column":4},"end":{"line":122,"column":null}},"34":{"start":{"line":122,"column":6},"end":{"line":122,"column":null}},"35":{"start":{"line":125,"column":28},"end":{"line":131,"column":6}},"36":{"start":{"line":133,"column":4},"end":{"line":135,"column":null}},"37":{"start":{"line":134,"column":6},"end":{"line":134,"column":null}},"38":{"start":{"line":135,"column":6},"end":{"line":135,"column":null}},"39":{"start":{"line":139,"column":38},"end":{"line":139,"column":40}},"40":{"start":{"line":140,"column":23},"end":{"line":140,"column":null}},"41":{"start":{"line":141,"column":23},"end":{"line":141,"column":null}},"42":{"start":{"line":143,"column":6},"end":{"line":143,"column":8}},"43":{"start":{"line":145,"column":10},"end":{"line":145,"column":46}},"44":{"start":{"line":147,"column":4},"end":{"line":165,"column":null}},"45":{"start":{"line":148,"column":41},"end":{"line":153,"column":null}},"46":{"start":{"line":155,"column":21},"end":{"line":155,"column":72}},"47":{"start":{"line":157,"column":6},"end":{"line":165,"column":null}},"48":{"start":{"line":158,"column":8},"end":{"line":158,"column":null}},"49":{"start":{"line":160,"column":8},"end":{"line":165,"column":null}},"50":{"start":{"line":161,"column":10},"end":{"line":161,"column":null}},"51":{"start":{"line":162,"column":10},"end":{"line":162,"column":null}},"52":{"start":{"line":163,"column":19},"end":{"line":165,"column":null}},"53":{"start":{"line":164,"column":10},"end":{"line":164,"column":null}},"54":{"start":{"line":165,"column":10},"end":{"line":165,"column":null}},"55":{"start":{"line":170,"column":4},"end":{"line":178,"column":null}}},"fnMap":{"0":{"name":"(anonymous_0)","decl":{"start":{"line":21,"column":6},"end":{"line":21,"column":25}},"loc":{"start":{"line":21,"column":56},"end":{"line":25,"column":null}},"line":21},"1":{"name":"(anonymous_1)","decl":{"start":{"line":30,"column":15},"end":{"line":30,"column":22}},"loc":{"start":{"line":30,"column":35},"end":{"line":41,"column":null}},"line":30},"2":{"name":"(anonymous_2)","decl":{"start":{"line":33,"column":46},"end":{"line":33,"column":51}},"loc":{"start":{"line":33,"column":63},"end":{"line":38,"column":7}},"line":33},"3":{"name":"(anonymous_3)","decl":{"start":{"line":46,"column":15},"end":{"line":46,"column":22}},"loc":{"start":{"line":46,"column":35},"end":{"line":91,"column":null}},"line":46},"4":{"name":"(anonymous_4)","decl":{"start":{"line":96,"column":15},"end":{"line":96,"column":22}},"loc":{"start":{"line":96,"column":35},"end":{"line":179,"column":null}},"line":96}},"branchMap":{"0":{"loc":{"start":{"line":23,"column":4},"end":{"line":23,"column":null}},"type":"cond-expr","locations":[{"start":{"line":23,"column":46},"end":{"line":23,"column":56}},{"start":{"line":23,"column":56},"end":{"line":23,"column":null}}],"line":23},"1":{"loc":{"start":{"line":47,"column":40},"end":{"line":47,"column":54}},"type":"binary-expr","locations":[{"start":{"line":47,"column":40},"end":{"line":47,"column":52}},{"start":{"line":47,"column":52},"end":{"line":47,"column":54}}],"line":47},"2":{"loc":{"start":{"line":53,"column":4},"end":{"line":54,"column":null}},"type":"if","locations":[{"start":{"line":53,"column":4},"end":{"line":54,"column":null}},{"start":{},"end":{}}],"line":53},"3":{"loc":{"start":{"line":53,"column":8},"end":{"line":53,"column":50}},"type":"binary-expr","locations":[{"start":{"line":53,"column":8},"end":{"line":53,"column":37}},{"start":{"line":53,"column":37},"end":{"line":53,"column":50}}],"line":53},"4":{"loc":{"start":{"line":57,"column":4},"end":{"line":58,"column":null}},"type":"if","locations":[{"start":{"line":57,"column":4},"end":{"line":58,"column":null}},{"start":{},"end":{}}],"line":57},"5":{"loc":{"start":{"line":57,"column":8},"end":{"line":57,"column":50}},"type":"binary-expr","locations":[{"start":{"line":57,"column":8},"end":{"line":57,"column":37}},{"start":{"line":57,"column":37},"end":{"line":57,"column":50}}],"line":57},"6":{"loc":{"start":{"line":63,"column":4},"end":{"line":64,"column":null}},"type":"if","locations":[{"start":{"line":63,"column":4},"end":{"line":64,"column":null}},{"start":{},"end":{}}],"line":63},"7":{"loc":{"start":{"line":73,"column":16},"end":{"line":73,"column":null}},"type":"cond-expr","locations":[{"start":{"line":73,"column":47},"end":{"line":73,"column":62}},{"start":{"line":73,"column":65},"end":{"line":73,"column":null}}],"line":73},"8":{"loc":{"start":{"line":79,"column":4},"end":{"line":80,"column":null}},"type":"if","locations":[{"start":{"line":79,"column":4},"end":{"line":80,"column":null}},{"start":{},"end":{}}],"line":79},"9":{"loc":{"start":{"line":97,"column":52},"end":{"line":97,"column":66}},"type":"binary-expr","locations":[{"start":{"line":97,"column":52},"end":{"line":97,"column":64}},{"start":{"line":97,"column":64},"end":{"line":97,"column":66}}],"line":97},"10":{"loc":{"start":{"line":104,"column":4},"end":{"line":110,"column":null}},"type":"if","locations":[{"start":{"line":104,"column":4},"end":{"line":110,"column":null}},{"start":{},"end":{}}],"line":104},"11":{"loc":{"start":{"line":105,"column":6},"end":{"line":106,"column":55}},"type":"binary-expr","locations":[{"start":{"line":105,"column":6},"end":{"line":105,"column":null}},{"start":{"line":106,"column":6},"end":{"line":106,"column":55}}],"line":105},"12":{"loc":{"start":{"line":113,"column":4},"end":{"line":114,"column":null}},"type":"if","locations":[{"start":{"line":113,"column":4},"end":{"line":114,"column":null}},{"start":{},"end":{}}],"line":113},"13":{"loc":{"start":{"line":113,"column":8},"end":{"line":113,"column":52}},"type":"binary-expr","locations":[{"start":{"line":113,"column":8},"end":{"line":113,"column":38}},{"start":{"line":113,"column":38},"end":{"line":113,"column":52}}],"line":113},"14":{"loc":{"start":{"line":117,"column":4},"end":{"line":118,"column":null}},"type":"if","locations":[{"start":{"line":117,"column":4},"end":{"line":118,"column":null}},{"start":{},"end":{}}],"line":117},"15":{"loc":{"start":{"line":117,"column":8},"end":{"line":117,"column":50}},"type":"binary-expr","locations":[{"start":{"line":117,"column":8},"end":{"line":117,"column":37}},{"start":{"line":117,"column":37},"end":{"line":117,"column":50}}],"line":117},"16":{"loc":{"start":{"line":121,"column":4},"end":{"line":122,"column":null}},"type":"if","locations":[{"start":{"line":121,"column":4},"end":{"line":122,"column":null}},{"start":{},"end":{}}],"line":121},"17":{"loc":{"start":{"line":121,"column":8},"end":{"line":121,"column":58}},"type":"binary-expr","locations":[{"start":{"line":121,"column":8},"end":{"line":121,"column":41}},{"start":{"line":121,"column":41},"end":{"line":121,"column":58}}],"line":121},"18":{"loc":{"start":{"line":130,"column":21},"end":{"line":130,"column":null}},"type":"binary-expr","locations":[{"start":{"line":130,"column":21},"end":{"line":130,"column":38}},{"start":{"line":130,"column":42},"end":{"line":130,"column":null}}],"line":130},"19":{"loc":{"start":{"line":133,"column":4},"end":{"line":135,"column":null}},"type":"if","locations":[{"start":{"line":133,"column":4},"end":{"line":135,"column":null}},{"start":{},"end":{}}],"line":133},"20":{"loc":{"start":{"line":157,"column":6},"end":{"line":165,"column":null}},"type":"if","locations":[{"start":{"line":157,"column":6},"end":{"line":165,"column":null}},{"start":{"line":159,"column":13},"end":{"line":165,"column":null}}],"line":157},"21":{"loc":{"start":{"line":160,"column":8},"end":{"line":165,"column":null}},"type":"if","locations":[{"start":{"line":160,"column":8},"end":{"line":165,"column":null}},{"start":{"line":163,"column":19},"end":{"line":165,"column":null}}],"line":160},"22":{"loc":{"start":{"line":163,"column":19},"end":{"line":165,"column":null}},"type":"if","locations":[{"start":{"line":163,"column":19},"end":{"line":165,"column":null}},{"start":{},"end":{}}],"line":163},"23":{"loc":{"start":{"line":176,"column":16},"end":{"line":176,"column":null}},"type":"cond-expr","locations":[{"start":{"line":176,"column":36},"end":{"line":176,"column":45}},{"start":{"line":176,"column":45},"end":{"line":176,"column":null}}],"line":176}},"s":{"0":0,"1":0,"2":0,"3":0,"4":0,"5":0,"6":0,"7":0,"8":0,"9":0,"10":0,"11":0,"12":0,"13":0,"14":0,"15":0,"16":0,"17":0,"18":0,"19":0,"20":0,"21":0,"22":0,"23":0,"24":0,"25":0,"26":0,"27":0,"28":0,"29":0,"30":0,"31":0,"32":0,"33":0,"34":0,"35":0,"36":0,"37":0,"38":0,"39":0,"40":0,"41":0,"42":0,"43":0,"44":0,"45":0,"46":0,"47":0,"48":0,"49":0,"50":0,"51":0,"52":0,"53":0,"54":0,"55":0},"f":{"0":0,"1":0,"2":0,"3":0,"4":0},"b":{"0":[0,0],"1":[0,0],"2":[0,0],"3":[0,0],"4":[0,0],"5":[0,0],"6":[0,0],"7":[0,0],"8":[0,0],"9":[0,0],"10":[0,0],"11":[0,0],"12":[0,0],"13":[0,0],"14":[0,0],"15":[0,0],"16":[0,0],"17":[0,0],"18":[0,0],"19":[0,0],"20":[0,0],"21":[0,0],"22":[0,0],"23":[0,0]},"meta":{"lastBranch":24,"lastFunction":5,"lastStatement":56,"seen":{"s:19:13:19:36":0,"s:21:6:25:Infinity":1,"f:21:6:21:25":0,"s:23:4:23:Infinity":2,"b:23:46:23:56:23:56:23:Infinity":0,"s:25:2:25:Infinity":3,"s:28:0:42:Infinity":4,"f:30:15:30:22":1,"s:31:10:31:46":5,"s:32:20:32:44":6,"s:33:38:38:7":7,"f:33:46:33:51":2,"s:33:63:38:7":8,"s:40:4:40:Infinity":9,"s:44:0:92:Infinity":10,"f:46:15:46:22":3,"s:47:40:47:54":11,"b:47:40:47:52:47:52:47:54":1,"b:53:4:54:Infinity:undefined:undefined:undefined:undefined":2,"s:53:4:54:Infinity":12,"b:53:8:53:37:53:37:53:50":3,"s:54:6:54:Infinity":13,"b:57:4:58:Infinity:undefined:undefined:undefined:undefined":4,"s:57:4:58:Infinity":14,"b:57:8:57:37:57:37:57:50":5,"s:58:6:58:Infinity":15,"s:61:22:61:37":16,"b:63:4:64:Infinity:undefined:undefined:undefined:undefined":6,"s:63:4:64:Infinity":17,"s:64:6:64:Infinity":18,"s:67:39:74:Infinity":19,"b:73:47:73:62:73:65:73:Infinity":7,"s:76:10:76:46":20,"s:77:19:77:61":21,"b:79:4:80:Infinity:undefined:undefined:undefined:undefined":8,"s:79:4:80:Infinity":22,"s:80:6:80:Infinity":23,"s:83:4:90:Infinity":24,"s:94:0:180:Infinity":25,"f:96:15:96:22":4,"s:97:52:97:66":26,"b:97:52:97:64:97:64:97:66":9,"b:104:4:110:Infinity:undefined:undefined:undefined:undefined":10,"s:104:4:110:Infinity":27,"b:105:6:105:Infinity:106:6:106:55":11,"s:108:6:110:Infinity":28,"b:113:4:114:Infinity:undefined:undefined:undefined:undefined":12,"s:113:4:114:Infinity":29,"b:113:8:113:38:113:38:113:52":13,"s:114:6:114:Infinity":30,"b:117:4:118:Infinity:undefined:undefined:undefined:undefined":14,"s:117:4:118:Infinity":31,"b:117:8:117:37:117:37:117:50":15,"s:118:6:118:Infinity":32,"b:121:4:122:Infinity:undefined:undefined:undefined:undefined":16,"s:121:4:122:Infinity":33,"b:121:8:121:41:121:41:121:58":17,"s:122:6:122:Infinity":34,"s:125:28:131:6":35,"b:130:21:130:38:130:42:130:Infinity":18,"b:133:4:135:Infinity:undefined:undefined:undefined:undefined":19,"s:133:4:135:Infinity":36,"s:134:6:134:Infinity":37,"s:135:6:135:Infinity":38,"s:139:38:139:40":39,"s:140:23:140:Infinity":40,"s:141:23:141:Infinity":41,"s:143:6:143:8":42,"s:145:10:145:46":43,"s:147:4:165:Infinity":44,"s:148:41:153:Infinity":45,"s:155:21:155:72":46,"b:157:6:165:Infinity:159:13:165:Infinity":20,"s:157:6:165:Infinity":47,"s:158:8:158:Infinity":48,"b:160:8:165:Infinity:163:19:165:Infinity":21,"s:160:8:165:Infinity":49,"s:161:10:161:Infinity":50,"s:162:10:162:Infinity":51,"b:163:19:165:Infinity:undefined:undefined:undefined:undefined":22,"s:163:19:165:Infinity":52,"s:164:10:164:Infinity":53,"s:165:10:165:Infinity":54,"s:170:4:178:Infinity":55,"b:176:36:176:45:176:45:176:Infinity":23}}}
,"/home/x/Documents/easy-update/apps/server/src/routes/noticesRoutes.ts": {"path":"/home/x/Documents/easy-update/apps/server/src/routes/noticesRoutes.ts","statementMap":{"0":{"start":{"line":14,"column":13},"end":{"line":14,"column":37}},"1":{"start":{"line":16,"column":0},"end":{"line":23,"column":null}},"2":{"start":{"line":19,"column":10},"end":{"line":19,"column":46}},"3":{"start":{"line":20,"column":17},"end":{"line":20,"column":41}},"4":{"start":{"line":21,"column":4},"end":{"line":21,"column":null}},"5":{"start":{"line":25,"column":0},"end":{"line":43,"column":null}},"6":{"start":{"line":28,"column":10},"end":{"line":28,"column":53}},"7":{"start":{"line":30,"column":4},"end":{"line":31,"column":null}},"8":{"start":{"line":31,"column":6},"end":{"line":31,"column":null}},"9":{"start":{"line":34,"column":10},"end":{"line":34,"column":46}},"10":{"start":{"line":35,"column":17},"end":{"line":35,"column":48}},"11":{"start":{"line":37,"column":4},"end":{"line":38,"column":null}},"12":{"start":{"line":38,"column":6},"end":{"line":38,"column":null}},"13":{"start":{"line":41,"column":4},"end":{"line":41,"column":null}},"14":{"start":{"line":45,"column":0},"end":{"line":60,"column":null}},"15":{"start":{"line":48,"column":10},"end":{"line":48,"column":46}},"16":{"start":{"line":49,"column":19},"end":{"line":49,"column":70}},"17":{"start":{"line":51,"column":4},"end":{"line":55,"column":null}},"18":{"start":{"line":52,"column":21},"end":{"line":52,"column":null}},"19":{"start":{"line":53,"column":20},"end":{"line":53,"column":53}},"20":{"start":{"line":54,"column":6},"end":{"line":54,"column":null}},"21":{"start":{"line":55,"column":6},"end":{"line":55,"column":null}},"22":{"start":{"line":58,"column":4},"end":{"line":58,"column":null}},"23":{"start":{"line":62,"column":0},"end":{"line":83,"column":null}},"24":{"start":{"line":65,"column":10},"end":{"line":65,"column":53}},"25":{"start":{"line":67,"column":4},"end":{"line":68,"column":null}},"26":{"start":{"line":68,"column":6},"end":{"line":68,"column":null}},"27":{"start":{"line":71,"column":10},"end":{"line":71,"column":46}},"28":{"start":{"line":72,"column":19},"end":{"line":72,"column":74}},"29":{"start":{"line":74,"column":4},"end":{"line":78,"column":null}},"30":{"start":{"line":75,"column":21},"end":{"line":75,"column":null}},"31":{"start":{"line":76,"column":20},"end":{"line":76,"column":53}},"32":{"start":{"line":77,"column":6},"end":{"line":77,"column":null}},"33":{"start":{"line":78,"column":6},"end":{"line":78,"column":null}},"34":{"start":{"line":81,"column":4},"end":{"line":81,"column":null}},"35":{"start":{"line":85,"column":0},"end":{"line":106,"column":null}},"36":{"start":{"line":88,"column":10},"end":{"line":88,"column":53}},"37":{"start":{"line":90,"column":4},"end":{"line":91,"column":null}},"38":{"start":{"line":91,"column":6},"end":{"line":91,"column":null}},"39":{"start":{"line":94,"column":10},"end":{"line":94,"column":46}},"40":{"start":{"line":95,"column":19},"end":{"line":95,"column":53}},"41":{"start":{"line":97,"column":4},"end":{"line":101,"column":null}},"42":{"start":{"line":98,"column":21},"end":{"line":98,"column":null}},"43":{"start":{"line":99,"column":20},"end":{"line":99,"column":53}},"44":{"start":{"line":100,"column":6},"end":{"line":100,"column":null}},"45":{"start":{"line":101,"column":6},"end":{"line":101,"column":null}},"46":{"start":{"line":104,"column":4},"end":{"line":104,"column":null}}},"fnMap":{"0":{"name":"(anonymous_0)","decl":{"start":{"line":18,"column":15},"end":{"line":18,"column":22}},"loc":{"start":{"line":18,"column":35},"end":{"line":22,"column":null}},"line":18},"1":{"name":"(anonymous_1)","decl":{"start":{"line":27,"column":15},"end":{"line":27,"column":22}},"loc":{"start":{"line":27,"column":35},"end":{"line":42,"column":null}},"line":27},"2":{"name":"(anonymous_2)","decl":{"start":{"line":47,"column":15},"end":{"line":47,"column":22}},"loc":{"start":{"line":47,"column":35},"end":{"line":59,"column":null}},"line":47},"3":{"name":"(anonymous_3)","decl":{"start":{"line":64,"column":15},"end":{"line":64,"column":22}},"loc":{"start":{"line":64,"column":35},"end":{"line":82,"column":null}},"line":64},"4":{"name":"(anonymous_4)","decl":{"start":{"line":87,"column":15},"end":{"line":87,"column":22}},"loc":{"start":{"line":87,"column":35},"end":{"line":105,"column":null}},"line":87}},"branchMap":{"0":{"loc":{"start":{"line":30,"column":4},"end":{"line":31,"column":null}},"type":"if","locations":[{"start":{"line":30,"column":4},"end":{"line":31,"column":null}},{"start":{},"end":{}}],"line":30},"1":{"loc":{"start":{"line":37,"column":4},"end":{"line":38,"column":null}},"type":"if","locations":[{"start":{"line":37,"column":4},"end":{"line":38,"column":null}},{"start":{},"end":{}}],"line":37},"2":{"loc":{"start":{"line":49,"column":55},"end":{"line":49,"column":69}},"type":"binary-expr","locations":[{"start":{"line":49,"column":55},"end":{"line":49,"column":67}},{"start":{"line":49,"column":67},"end":{"line":49,"column":69}}],"line":49},"3":{"loc":{"start":{"line":51,"column":4},"end":{"line":55,"column":null}},"type":"if","locations":[{"start":{"line":51,"column":4},"end":{"line":55,"column":null}},{"start":{},"end":{}}],"line":51},"4":{"loc":{"start":{"line":52,"column":21},"end":{"line":52,"column":null}},"type":"binary-expr","locations":[{"start":{"line":52,"column":21},"end":{"line":52,"column":38}},{"start":{"line":52,"column":38},"end":{"line":52,"column":null}}],"line":52},"5":{"loc":{"start":{"line":67,"column":4},"end":{"line":68,"column":null}},"type":"if","locations":[{"start":{"line":67,"column":4},"end":{"line":68,"column":null}},{"start":{},"end":{}}],"line":67},"6":{"loc":{"start":{"line":72,"column":59},"end":{"line":72,"column":73}},"type":"binary-expr","locations":[{"start":{"line":72,"column":59},"end":{"line":72,"column":71}},{"start":{"line":72,"column":71},"end":{"line":72,"column":73}}],"line":72},"7":{"loc":{"start":{"line":74,"column":4},"end":{"line":78,"column":null}},"type":"if","locations":[{"start":{"line":74,"column":4},"end":{"line":78,"column":null}},{"start":{},"end":{}}],"line":74},"8":{"loc":{"start":{"line":75,"column":21},"end":{"line":75,"column":null}},"type":"binary-expr","locations":[{"start":{"line":75,"column":21},"end":{"line":75,"column":38}},{"start":{"line":75,"column":38},"end":{"line":75,"column":null}}],"line":75},"9":{"loc":{"start":{"line":90,"column":4},"end":{"line":91,"column":null}},"type":"if","locations":[{"start":{"line":90,"column":4},"end":{"line":91,"column":null}},{"start":{},"end":{}}],"line":90},"10":{"loc":{"start":{"line":97,"column":4},"end":{"line":101,"column":null}},"type":"if","locations":[{"start":{"line":97,"column":4},"end":{"line":101,"column":null}},{"start":{},"end":{}}],"line":97},"11":{"loc":{"start":{"line":98,"column":21},"end":{"line":98,"column":null}},"type":"binary-expr","locations":[{"start":{"line":98,"column":21},"end":{"line":98,"column":38}},{"start":{"line":98,"column":38},"end":{"line":98,"column":null}}],"line":98}},"s":{"0":0,"1":0,"2":0,"3":0,"4":0,"5":0,"6":0,"7":0,"8":0,"9":0,"10":0,"11":0,"12":0,"13":0,"14":0,"15":0,"16":0,"17":0,"18":0,"19":0,"20":0,"21":0,"22":0,"23":0,"24":0,"25":0,"26":0,"27":0,"28":0,"29":0,"30":0,"31":0,"32":0,"33":0,"34":0,"35":0,"36":0,"37":0,"38":0,"39":0,"40":0,"41":0,"42":0,"43":0,"44":0,"45":0,"46":0},"f":{"0":0,"1":0,"2":0,"3":0,"4":0},"b":{"0":[0,0],"1":[0,0],"2":[0,0],"3":[0,0],"4":[0,0],"5":[0,0],"6":[0,0],"7":[0,0],"8":[0,0],"9":[0,0],"10":[0,0],"11":[0,0]},"meta":{"lastBranch":12,"lastFunction":5,"lastStatement":47,"seen":{"s:14:13:14:37":0,"s:16:0:23:Infinity":1,"f:18:15:18:22":0,"s:19:10:19:46":2,"s:20:17:20:41":3,"s:21:4:21:Infinity":4,"s:25:0:43:Infinity":5,"f:27:15:27:22":1,"s:28:10:28:53":6,"b:30:4:31:Infinity:undefined:undefined:undefined:undefined":0,"s:30:4:31:Infinity":7,"s:31:6:31:Infinity":8,"s:34:10:34:46":9,"s:35:17:35:48":10,"b:37:4:38:Infinity:undefined:undefined:undefined:undefined":1,"s:37:4:38:Infinity":11,"s:38:6:38:Infinity":12,"s:41:4:41:Infinity":13,"s:45:0:60:Infinity":14,"f:47:15:47:22":2,"s:48:10:48:46":15,"s:49:19:49:70":16,"b:49:55:49:67:49:67:49:69":2,"b:51:4:55:Infinity:undefined:undefined:undefined:undefined":3,"s:51:4:55:Infinity":17,"s:52:21:52:Infinity":18,"b:52:21:52:38:52:38:52:Infinity":4,"s:53:20:53:53":19,"s:54:6:54:Infinity":20,"s:55:6:55:Infinity":21,"s:58:4:58:Infinity":22,"s:62:0:83:Infinity":23,"f:64:15:64:22":3,"s:65:10:65:53":24,"b:67:4:68:Infinity:undefined:undefined:undefined:undefined":5,"s:67:4:68:Infinity":25,"s:68:6:68:Infinity":26,"s:71:10:71:46":27,"s:72:19:72:74":28,"b:72:59:72:71:72:71:72:73":6,"b:74:4:78:Infinity:undefined:undefined:undefined:undefined":7,"s:74:4:78:Infinity":29,"s:75:21:75:Infinity":30,"b:75:21:75:38:75:38:75:Infinity":8,"s:76:20:76:53":31,"s:77:6:77:Infinity":32,"s:78:6:78:Infinity":33,"s:81:4:81:Infinity":34,"s:85:0:106:Infinity":35,"f:87:15:87:22":4,"s:88:10:88:53":36,"b:90:4:91:Infinity:undefined:undefined:undefined:undefined":9,"s:90:4:91:Infinity":37,"s:91:6:91:Infinity":38,"s:94:10:94:46":39,"s:95:19:95:53":40,"b:97:4:101:Infinity:undefined:undefined:undefined:undefined":10,"s:97:4:101:Infinity":41,"s:98:21:98:Infinity":42,"b:98:21:98:38:98:38:98:Infinity":11,"s:99:20:99:53":43,"s:100:6:100:Infinity":44,"s:101:6:101:Infinity":45,"s:104:4:104:Infinity":46}}}
,"/home/x/Documents/easy-update/apps/server/src/routes/providersRoutes.ts": {"path":"/home/x/Documents/easy-update/apps/server/src/routes/providersRoutes.ts","statementMap":{"0":{"start":{"line":7,"column":13},"end":{"line":7,"column":39}},"1":{"start":{"line":9,"column":0},"end":{"line":45,"column":null}},"2":{"start":{"line":12,"column":34},"end":{"line":12,"column":48}},"3":{"start":{"line":17,"column":4},"end":{"line":23,"column":null}},"4":{"start":{"line":21,"column":6},"end":{"line":23,"column":null}},"5":{"start":{"line":26,"column":4},"end":{"line":27,"column":null}},"6":{"start":{"line":27,"column":6},"end":{"line":27,"column":null}},"7":{"start":{"line":30,"column":4},"end":{"line":42,"column":null}},"8":{"start":{"line":31,"column":28},"end":{"line":31,"column":null}},"9":{"start":{"line":32,"column":19},"end":{"line":35,"column":null}},"10":{"start":{"line":38,"column":6},"end":{"line":38,"column":null}},"11":{"start":{"line":41,"column":8},"end":{"line":41,"column":null}},"12":{"start":{"line":42,"column":6},"end":{"line":42,"column":null}}},"fnMap":{"0":{"name":"(anonymous_0)","decl":{"start":{"line":11,"column":15},"end":{"line":11,"column":22}},"loc":{"start":{"line":11,"column":35},"end":{"line":44,"column":null}},"line":11}},"branchMap":{"0":{"loc":{"start":{"line":12,"column":34},"end":{"line":12,"column":48}},"type":"binary-expr","locations":[{"start":{"line":12,"column":34},"end":{"line":12,"column":46}},{"start":{"line":12,"column":46},"end":{"line":12,"column":48}}],"line":12},"1":{"loc":{"start":{"line":17,"column":4},"end":{"line":23,"column":null}},"type":"if","locations":[{"start":{"line":17,"column":4},"end":{"line":23,"column":null}},{"start":{},"end":{}}],"line":17},"2":{"loc":{"start":{"line":18,"column":6},"end":{"line":19,"column":55}},"type":"binary-expr","locations":[{"start":{"line":18,"column":6},"end":{"line":18,"column":null}},{"start":{"line":19,"column":6},"end":{"line":19,"column":55}}],"line":18},"3":{"loc":{"start":{"line":26,"column":4},"end":{"line":27,"column":null}},"type":"if","locations":[{"start":{"line":26,"column":4},"end":{"line":27,"column":null}},{"start":{},"end":{}}],"line":26},"4":{"loc":{"start":{"line":26,"column":8},"end":{"line":26,"column":52}},"type":"binary-expr","locations":[{"start":{"line":26,"column":8},"end":{"line":26,"column":38}},{"start":{"line":26,"column":38},"end":{"line":26,"column":52}}],"line":26},"5":{"loc":{"start":{"line":31,"column":28},"end":{"line":31,"column":null}},"type":"binary-expr","locations":[{"start":{"line":31,"column":28},"end":{"line":31,"column":45}},{"start":{"line":31,"column":49},"end":{"line":31,"column":null}}],"line":31},"6":{"loc":{"start":{"line":41,"column":8},"end":{"line":41,"column":null}},"type":"cond-expr","locations":[{"start":{"line":41,"column":33},"end":{"line":41,"column":49}},{"start":{"line":41,"column":49},"end":{"line":41,"column":null}}],"line":41}},"s":{"0":0,"1":0,"2":0,"3":0,"4":0,"5":0,"6":0,"7":0,"8":0,"9":0,"10":0,"11":0,"12":0},"f":{"0":0},"b":{"0":[0,0],"1":[0,0],"2":[0,0],"3":[0,0],"4":[0,0],"5":[0,0],"6":[0,0]},"meta":{"lastBranch":7,"lastFunction":1,"lastStatement":13,"seen":{"s:7:13:7:39":0,"s:9:0:45:Infinity":1,"f:11:15:11:22":0,"s:12:34:12:48":2,"b:12:34:12:46:12:46:12:48":0,"b:17:4:23:Infinity:undefined:undefined:undefined:undefined":1,"s:17:4:23:Infinity":3,"b:18:6:18:Infinity:19:6:19:55":2,"s:21:6:23:Infinity":4,"b:26:4:27:Infinity:undefined:undefined:undefined:undefined":3,"s:26:4:27:Infinity":5,"b:26:8:26:38:26:38:26:52":4,"s:27:6:27:Infinity":6,"s:30:4:42:Infinity":7,"s:31:28:31:Infinity":8,"b:31:28:31:45:31:49:31:Infinity":5,"s:32:19:35:Infinity":9,"s:38:6:38:Infinity":10,"s:41:8:41:Infinity":11,"b:41:33:41:49:41:49:41:Infinity":6,"s:42:6:42:Infinity":12}}}
,"/home/x/Documents/easy-update/apps/server/src/services/emailService.ts": {"path":"/home/x/Documents/easy-update/apps/server/src/services/emailService.ts","statementMap":{"0":{"start":{"line":3,"column":15},"end":{"line":3,"column":53}},"1":{"start":{"line":5,"column":16},"end":{"line":5,"column":null}},"2":{"start":{"line":6,"column":19},"end":{"line":6,"column":null}},"3":{"start":{"line":8,"column":32},"end":{"line":34,"column":null}},"4":{"start":{"line":9,"column":20},"end":{"line":27,"column":4}},"5":{"start":{"line":29,"column":2},"end":{"line":31,"column":null}},"6":{"start":{"line":30,"column":4},"end":{"line":30,"column":null}},"7":{"start":{"line":31,"column":4},"end":{"line":31,"column":null}},"8":{"start":{"line":34,"column":2},"end":{"line":34,"column":null}}},"fnMap":{"0":{"name":"(anonymous_0)","decl":{"start":{"line":8,"column":32},"end":{"line":8,"column":39}},"loc":{"start":{"line":8,"column":54},"end":{"line":34,"column":null}},"line":8}},"branchMap":{"0":{"loc":{"start":{"line":5,"column":16},"end":{"line":5,"column":null}},"type":"binary-expr","locations":[{"start":{"line":5,"column":16},"end":{"line":5,"column":42}},{"start":{"line":5,"column":42},"end":{"line":5,"column":null}}],"line":5},"1":{"loc":{"start":{"line":29,"column":2},"end":{"line":31,"column":null}},"type":"if","locations":[{"start":{"line":29,"column":2},"end":{"line":31,"column":null}},{"start":{},"end":{}}],"line":29}},"s":{"0":0,"1":0,"2":0,"3":0,"4":0,"5":0,"6":0,"7":0,"8":0},"f":{"0":0},"b":{"0":[0,0],"1":[0,0]},"meta":{"lastBranch":2,"lastFunction":1,"lastStatement":9,"seen":{"s:3:15:3:53":0,"s:5:16:5:Infinity":1,"b:5:16:5:42:5:42:5:Infinity":0,"s:6:19:6:Infinity":2,"s:8:32:34:Infinity":3,"f:8:32:8:39":0,"s:9:20:27:4":4,"b:29:2:31:Infinity:undefined:undefined:undefined:undefined":1,"s:29:2:31:Infinity":5,"s:30:4:30:Infinity":6,"s:31:4:31:Infinity":7,"s:34:2:34:Infinity":8}}}
,"/home/x/Documents/easy-update/apps/server/src/services/eventExtractionService.ts": {"path":"/home/x/Documents/easy-update/apps/server/src/services/eventExtractionService.ts","statementMap":{"0":{"start":{"line":9,"column":24},"end":{"line":9,"column":null}},"1":{"start":{"line":11,"column":33},"end":{"line":71,"column":null}},"2":{"start":{"line":16,"column":8},"end":{"line":23,"column":null}},"3":{"start":{"line":17,"column":23},"end":{"line":17,"column":37}},"4":{"start":{"line":19,"column":4},"end":{"line":20,"column":null}},"5":{"start":{"line":20,"column":6},"end":{"line":20,"column":null}},"6":{"start":{"line":23,"column":4},"end":{"line":23,"column":null}},"7":{"start":{"line":26,"column":2},"end":{"line":67,"column":null}},"8":{"start":{"line":27,"column":21},"end":{"line":27,"column":42}},"9":{"start":{"line":41,"column":4},"end":{"line":42,"column":null}},"10":{"start":{"line":42,"column":6},"end":{"line":42,"column":null}},"11":{"start":{"line":45,"column":4},"end":{"line":61,"column":null}},"12":{"start":{"line":51,"column":22},"end":{"line":51,"column":null}},"13":{"start":{"line":53,"column":6},"end":{"line":58,"column":null}},"14":{"start":{"line":58,"column":8},"end":{"line":58,"column":null}},"15":{"start":{"line":61,"column":6},"end":{"line":61,"column":null}},"16":{"start":{"line":64,"column":4},"end":{"line":65,"column":null}},"17":{"start":{"line":65,"column":6},"end":{"line":65,"column":null}},"18":{"start":{"line":71,"column":2},"end":{"line":71,"column":null}},"19":{"start":{"line":74,"column":6},"end":{"line":82,"column":null}},"20":{"start":{"line":75,"column":16},"end":{"line":75,"column":34}},"21":{"start":{"line":76,"column":14},"end":{"line":76,"column":36}},"22":{"start":{"line":78,"column":2},"end":{"line":79,"column":null}},"23":{"start":{"line":79,"column":4},"end":{"line":79,"column":null}},"24":{"start":{"line":82,"column":2},"end":{"line":82,"column":null}},"25":{"start":{"line":85,"column":6},"end":{"line":128,"column":null}},"26":{"start":{"line":86,"column":2},"end":{"line":87,"column":null}},"27":{"start":{"line":87,"column":4},"end":{"line":87,"column":null}},"28":{"start":{"line":90,"column":2},"end":{"line":128,"column":null}},"29":{"start":{"line":92,"column":6},"end":{"line":93,"column":null}},"30":{"start":{"line":93,"column":8},"end":{"line":93,"column":null}},"31":{"start":{"line":96,"column":46},"end":{"line":96,"column":null}},"32":{"start":{"line":103,"column":6},"end":{"line":108,"column":null}},"33":{"start":{"line":108,"column":8},"end":{"line":108,"column":null}},"34":{"start":{"line":111,"column":30},"end":{"line":111,"column":42}},"35":{"start":{"line":113,"column":8},"end":{"line":113,"column":null}},"36":{"start":{"line":114,"column":12},"end":{"line":114,"column":56}},"37":{"start":{"line":115,"column":12},"end":{"line":115,"column":56}},"38":{"start":{"line":117,"column":6},"end":{"line":118,"column":null}},"39":{"start":{"line":118,"column":8},"end":{"line":118,"column":null}},"40":{"start":{"line":121,"column":6},"end":{"line":126,"column":null}},"41":{"start":{"line":128,"column":48},"end":{"line":128,"column":62}},"42":{"start":{"line":131,"column":34},"end":{"line":292,"column":null}},"43":{"start":{"line":138,"column":8},"end":{"line":139,"column":null}},"44":{"start":{"line":142,"column":2},"end":{"line":179,"column":null}},"45":{"start":{"line":143,"column":21},"end":{"line":162,"column":null}},"46":{"start":{"line":165,"column":4},"end":{"line":172,"column":null}},"47":{"start":{"line":166,"column":22},"end":{"line":169,"column":null}},"48":{"start":{"line":172,"column":6},"end":{"line":172,"column":null}},"49":{"start":{"line":175,"column":21},"end":{"line":175,"column":42}},"50":{"start":{"line":179,"column":4},"end":{"line":179,"column":null}},"51":{"start":{"line":182,"column":2},"end":{"line":214,"column":null}},"52":{"start":{"line":183,"column":21},"end":{"line":198,"column":6}},"53":{"start":{"line":200,"column":4},"end":{"line":207,"column":null}},"54":{"start":{"line":201,"column":22},"end":{"line":204,"column":null}},"55":{"start":{"line":207,"column":6},"end":{"line":207,"column":null}},"56":{"start":{"line":210,"column":21},"end":{"line":210,"column":42}},"57":{"start":{"line":214,"column":4},"end":{"line":214,"column":null}},"58":{"start":{"line":217,"column":2},"end":{"line":249,"column":null}},"59":{"start":{"line":218,"column":21},"end":{"line":232,"column":6}},"60":{"start":{"line":234,"column":4},"end":{"line":241,"column":null}},"61":{"start":{"line":235,"column":22},"end":{"line":238,"column":null}},"62":{"start":{"line":241,"column":6},"end":{"line":241,"column":null}},"63":{"start":{"line":244,"column":21},"end":{"line":244,"column":42}},"64":{"start":{"line":248,"column":17},"end":{"line":248,"column":null}},"65":{"start":{"line":248,"column":49},"end":{"line":248,"column":70}},"66":{"start":{"line":249,"column":4},"end":{"line":249,"column":null}},"67":{"start":{"line":252,"column":19},"end":{"line":275,"column":null}},"68":{"start":{"line":278,"column":2},"end":{"line":285,"column":null}},"69":{"start":{"line":279,"column":20},"end":{"line":282,"column":null}},"70":{"start":{"line":285,"column":4},"end":{"line":285,"column":null}},"71":{"start":{"line":288,"column":19},"end":{"line":288,"column":40}},"72":{"start":{"line":292,"column":2},"end":{"line":292,"column":null}},"73":{"start":{"line":295,"column":29},"end":{"line":312,"column":null}},"74":{"start":{"line":302,"column":25},"end":{"line":307,"column":null}},"75":{"start":{"line":310,"column":17},"end":{"line":310,"column":56}},"76":{"start":{"line":312,"column":2},"end":{"line":312,"column":null}}},"fnMap":{"0":{"name":"(anonymous_0)","decl":{"start":{"line":11,"column":33},"end":{"line":11,"column":null}},"loc":{"start":{"line":15,"column":5},"end":{"line":71,"column":null}},"line":15},"1":{"name":"(anonymous_1)","decl":{"start":{"line":16,"column":8},"end":{"line":16,"column":20}},"loc":{"start":{"line":16,"column":40},"end":{"line":23,"column":null}},"line":16},"2":{"name":"(anonymous_2)","decl":{"start":{"line":74,"column":6},"end":{"line":74,"column":33}},"loc":{"start":{"line":74,"column":51},"end":{"line":82,"column":null}},"line":74},"3":{"name":"(anonymous_3)","decl":{"start":{"line":85,"column":6},"end":{"line":85,"column":33}},"loc":{"start":{"line":85,"column":70},"end":{"line":128,"column":null}},"line":85},"4":{"name":"(anonymous_4)","decl":{"start":{"line":91,"column":5},"end":{"line":91,"column":10}},"loc":{"start":{"line":91,"column":19},"end":{"line":127,"column":null}},"line":91},"5":{"name":"(anonymous_5)","decl":{"start":{"line":128,"column":5},"end":{"line":128,"column":13}},"loc":{"start":{"line":128,"column":48},"end":{"line":128,"column":62}},"line":128},"6":{"name":"(anonymous_6)","decl":{"start":{"line":131,"column":34},"end":{"line":131,"column":null}},"loc":{"start":{"line":137,"column":5},"end":{"line":292,"column":null}},"line":137},"7":{"name":"(anonymous_7)","decl":{"start":{"line":248,"column":34},"end":{"line":248,"column":40}},"loc":{"start":{"line":248,"column":49},"end":{"line":248,"column":70}},"line":248},"8":{"name":"(anonymous_8)","decl":{"start":{"line":295,"column":29},"end":{"line":295,"column":36}},"loc":{"start":{"line":301,"column":6},"end":{"line":312,"column":null}},"line":301}},"branchMap":{"0":{"loc":{"start":{"line":19,"column":4},"end":{"line":20,"column":null}},"type":"if","locations":[{"start":{"line":19,"column":4},"end":{"line":20,"column":null}},{"start":{},"end":{}}],"line":19},"1":{"loc":{"start":{"line":41,"column":4},"end":{"line":42,"column":null}},"type":"if","locations":[{"start":{"line":41,"column":4},"end":{"line":42,"column":null}},{"start":{},"end":{}}],"line":41},"2":{"loc":{"start":{"line":41,"column":8},"end":{"line":41,"column":65}},"type":"binary-expr","locations":[{"start":{"line":41,"column":8},"end":{"line":41,"column":45}},{"start":{"line":41,"column":45},"end":{"line":41,"column":65}}],"line":41},"3":{"loc":{"start":{"line":45,"column":4},"end":{"line":61,"column":null}},"type":"if","locations":[{"start":{"line":45,"column":4},"end":{"line":61,"column":null}},{"start":{},"end":{}}],"line":45},"4":{"loc":{"start":{"line":46,"column":6},"end":{"line":49,"column":34}},"type":"binary-expr","locations":[{"start":{"line":46,"column":6},"end":{"line":46,"column":null}},{"start":{"line":47,"column":6},"end":{"line":47,"column":null}},{"start":{"line":48,"column":6},"end":{"line":48,"column":null}},{"start":{"line":49,"column":6},"end":{"line":49,"column":34}}],"line":46},"5":{"loc":{"start":{"line":53,"column":6},"end":{"line":58,"column":null}},"type":"if","locations":[{"start":{"line":53,"column":6},"end":{"line":58,"column":null}},{"start":{},"end":{}}],"line":53},"6":{"loc":{"start":{"line":54,"column":8},"end":{"line":56,"column":41}},"type":"binary-expr","locations":[{"start":{"line":54,"column":8},"end":{"line":54,"column":null}},{"start":{"line":55,"column":8},"end":{"line":55,"column":null}},{"start":{"line":56,"column":8},"end":{"line":56,"column":41}}],"line":54},"7":{"loc":{"start":{"line":64,"column":4},"end":{"line":65,"column":null}},"type":"if","locations":[{"start":{"line":64,"column":4},"end":{"line":65,"column":null}},{"start":{},"end":{}}],"line":64},"8":{"loc":{"start":{"line":64,"column":8},"end":{"line":64,"column":69}},"type":"binary-expr","locations":[{"start":{"line":64,"column":8},"end":{"line":64,"column":47}},{"start":{"line":64,"column":47},"end":{"line":64,"column":69}}],"line":64},"9":{"loc":{"start":{"line":78,"column":2},"end":{"line":79,"column":null}},"type":"if","locations":[{"start":{"line":78,"column":2},"end":{"line":79,"column":null}},{"start":{},"end":{}}],"line":78},"10":{"loc":{"start":{"line":78,"column":6},"end":{"line":78,"column":50}},"type":"binary-expr","locations":[{"start":{"line":78,"column":6},"end":{"line":78,"column":22}},{"start":{"line":78,"column":22},"end":{"line":78,"column":36}},{"start":{"line":78,"column":36},"end":{"line":78,"column":50}}],"line":78},"11":{"loc":{"start":{"line":86,"column":2},"end":{"line":87,"column":null}},"type":"if","locations":[{"start":{"line":86,"column":2},"end":{"line":87,"column":null}},{"start":{},"end":{}}],"line":86},"12":{"loc":{"start":{"line":92,"column":6},"end":{"line":93,"column":null}},"type":"if","locations":[{"start":{"line":92,"column":6},"end":{"line":93,"column":null}},{"start":{},"end":{}}],"line":92},"13":{"loc":{"start":{"line":92,"column":10},"end":{"line":92,"column":45}},"type":"binary-expr","locations":[{"start":{"line":92,"column":10},"end":{"line":92,"column":19}},{"start":{"line":92,"column":19},"end":{"line":92,"column":45}}],"line":92},"14":{"loc":{"start":{"line":103,"column":6},"end":{"line":108,"column":null}},"type":"if","locations":[{"start":{"line":103,"column":6},"end":{"line":108,"column":null}},{"start":{},"end":{}}],"line":103},"15":{"loc":{"start":{"line":104,"column":8},"end":{"line":106,"column":null}},"type":"binary-expr","locations":[{"start":{"line":104,"column":8},"end":{"line":104,"column":null}},{"start":{"line":105,"column":8},"end":{"line":105,"column":null}},{"start":{"line":106,"column":8},"end":{"line":106,"column":null}}],"line":104},"16":{"loc":{"start":{"line":113,"column":8},"end":{"line":113,"column":null}},"type":"cond-expr","locations":[{"start":{"line":113,"column":39},"end":{"line":113,"column":54}},{"start":{"line":113,"column":57},"end":{"line":113,"column":null}}],"line":113},"17":{"loc":{"start":{"line":117,"column":6},"end":{"line":118,"column":null}},"type":"if","locations":[{"start":{"line":117,"column":6},"end":{"line":118,"column":null}},{"start":{},"end":{}}],"line":117},"18":{"loc":{"start":{"line":117,"column":10},"end":{"line":117,"column":66}},"type":"binary-expr","locations":[{"start":{"line":117,"column":10},"end":{"line":117,"column":30}},{"start":{"line":117,"column":30},"end":{"line":117,"column":49}},{"start":{"line":117,"column":49},"end":{"line":117,"column":66}}],"line":117},"19":{"loc":{"start":{"line":142,"column":2},"end":{"line":179,"column":null}},"type":"if","locations":[{"start":{"line":142,"column":2},"end":{"line":179,"column":null}},{"start":{},"end":{}}],"line":142},"20":{"loc":{"start":{"line":165,"column":4},"end":{"line":172,"column":null}},"type":"if","locations":[{"start":{"line":165,"column":4},"end":{"line":172,"column":null}},{"start":{},"end":{}}],"line":165},"21":{"loc":{"start":{"line":179,"column":11},"end":{"line":179,"column":null}},"type":"binary-expr","locations":[{"start":{"line":179,"column":11},"end":{"line":179,"column":53}},{"start":{"line":179,"column":53},"end":{"line":179,"column":null}}],"line":179},"22":{"loc":{"start":{"line":182,"column":2},"end":{"line":214,"column":null}},"type":"if","locations":[{"start":{"line":182,"column":2},"end":{"line":214,"column":null}},{"start":{},"end":{}}],"line":182},"23":{"loc":{"start":{"line":200,"column":4},"end":{"line":207,"column":null}},"type":"if","locations":[{"start":{"line":200,"column":4},"end":{"line":207,"column":null}},{"start":{},"end":{}}],"line":200},"24":{"loc":{"start":{"line":214,"column":11},"end":{"line":214,"column":null}},"type":"binary-expr","locations":[{"start":{"line":214,"column":11},"end":{"line":214,"column":53}},{"start":{"line":214,"column":53},"end":{"line":214,"column":null}}],"line":214},"25":{"loc":{"start":{"line":217,"column":2},"end":{"line":249,"column":null}},"type":"if","locations":[{"start":{"line":217,"column":2},"end":{"line":249,"column":null}},{"start":{},"end":{}}],"line":217},"26":{"loc":{"start":{"line":234,"column":4},"end":{"line":241,"column":null}},"type":"if","locations":[{"start":{"line":234,"column":4},"end":{"line":241,"column":null}},{"start":{},"end":{}}],"line":234},"27":{"loc":{"start":{"line":249,"column":11},"end":{"line":249,"column":null}},"type":"binary-expr","locations":[{"start":{"line":249,"column":11},"end":{"line":249,"column":19}},{"start":{"line":249,"column":19},"end":{"line":249,"column":null}}],"line":249},"28":{"loc":{"start":{"line":278,"column":2},"end":{"line":285,"column":null}},"type":"if","locations":[{"start":{"line":278,"column":2},"end":{"line":285,"column":null}},{"start":{},"end":{}}],"line":278},"29":{"loc":{"start":{"line":292,"column":9},"end":{"line":292,"column":null}},"type":"binary-expr","locations":[{"start":{"line":292,"column":9},"end":{"line":292,"column":63}},{"start":{"line":292,"column":63},"end":{"line":292,"column":null}}],"line":292}},"s":{"0":0,"1":0,"2":0,"3":0,"4":0,"5":0,"6":0,"7":0,"8":0,"9":0,"10":0,"11":0,"12":0,"13":0,"14":0,"15":0,"16":0,"17":0,"18":0,"19":0,"20":0,"21":0,"22":0,"23":0,"24":0,"25":0,"26":0,"27":0,"28":0,"29":0,"30":0,"31":0,"32":0,"33":0,"34":0,"35":0,"36":0,"37":0,"38":0,"39":0,"40":0,"41":0,"42":0,"43":0,"44":0,"45":0,"46":0,"47":0,"48":0,"49":0,"50":0,"51":0,"52":0,"53":0,"54":0,"55":0,"56":0,"57":0,"58":0,"59":0,"60":0,"61":0,"62":0,"63":0,"64":0,"65":0,"66":0,"67":0,"68":0,"69":0,"70":0,"71":0,"72":0,"73":0,"74":0,"75":0,"76":0},"f":{"0":0,"1":0,"2":0,"3":0,"4":0,"5":0,"6":0,"7":0,"8":0},"b":{"0":[0,0],"1":[0,0],"2":[0,0],"3":[0,0],"4":[0,0,0,0],"5":[0,0],"6":[0,0,0],"7":[0,0],"8":[0,0],"9":[0,0],"10":[0,0,0],"11":[0,0],"12":[0,0],"13":[0,0],"14":[0,0],"15":[0,0,0],"16":[0,0],"17":[0,0],"18":[0,0,0],"19":[0,0],"20":[0,0],"21":[0,0],"22":[0,0],"23":[0,0],"24":[0,0],"25":[0,0],"26":[0,0],"27":[0,0],"28":[0,0],"29":[0,0]},"meta":{"lastBranch":30,"lastFunction":9,"lastStatement":77,"seen":{"s:9:24:9:Infinity":0,"s:11:33:71:Infinity":1,"f:11:33:11:Infinity":0,"s:16:8:23:Infinity":2,"f:16:8:16:20":1,"s:17:23:17:37":3,"b:19:4:20:Infinity:undefined:undefined:undefined:undefined":0,"s:19:4:20:Infinity":4,"s:20:6:20:Infinity":5,"s:23:4:23:Infinity":6,"s:26:2:67:Infinity":7,"s:27:21:27:42":8,"b:41:4:42:Infinity:undefined:undefined:undefined:undefined":1,"s:41:4:42:Infinity":9,"b:41:8:41:45:41:45:41:65":2,"s:42:6:42:Infinity":10,"b:45:4:61:Infinity:undefined:undefined:undefined:undefined":3,"s:45:4:61:Infinity":11,"b:46:6:46:Infinity:47:6:47:Infinity:48:6:48:Infinity:49:6:49:34":4,"s:51:22:51:Infinity":12,"b:53:6:58:Infinity:undefined:undefined:undefined:undefined":5,"s:53:6:58:Infinity":13,"b:54:8:54:Infinity:55:8:55:Infinity:56:8:56:41":6,"s:58:8:58:Infinity":14,"s:61:6:61:Infinity":15,"b:64:4:65:Infinity:undefined:undefined:undefined:undefined":7,"s:64:4:65:Infinity":16,"b:64:8:64:47:64:47:64:69":8,"s:65:6:65:Infinity":17,"s:71:2:71:Infinity":18,"s:74:6:82:Infinity":19,"f:74:6:74:33":2,"s:75:16:75:34":20,"s:76:14:76:36":21,"b:78:2:79:Infinity:undefined:undefined:undefined:undefined":9,"s:78:2:79:Infinity":22,"b:78:6:78:22:78:22:78:36:78:36:78:50":10,"s:79:4:79:Infinity":23,"s:82:2:82:Infinity":24,"s:85:6:128:Infinity":25,"f:85:6:85:33":3,"b:86:2:87:Infinity:undefined:undefined:undefined:undefined":11,"s:86:2:87:Infinity":26,"s:87:4:87:Infinity":27,"s:90:2:128:Infinity":28,"f:91:5:91:10":4,"b:92:6:93:Infinity:undefined:undefined:undefined:undefined":12,"s:92:6:93:Infinity":29,"b:92:10:92:19:92:19:92:45":13,"s:93:8:93:Infinity":30,"s:96:46:96:Infinity":31,"b:103:6:108:Infinity:undefined:undefined:undefined:undefined":14,"s:103:6:108:Infinity":32,"b:104:8:104:Infinity:105:8:105:Infinity:106:8:106:Infinity":15,"s:108:8:108:Infinity":33,"s:111:30:111:42":34,"s:113:8:113:Infinity":35,"b:113:39:113:54:113:57:113:Infinity":16,"s:114:12:114:56":36,"s:115:12:115:56":37,"b:117:6:118:Infinity:undefined:undefined:undefined:undefined":17,"s:117:6:118:Infinity":38,"b:117:10:117:30:117:30:117:49:117:49:117:66":18,"s:118:8:118:Infinity":39,"s:121:6:126:Infinity":40,"f:128:5:128:13":5,"s:128:48:128:62":41,"s:131:34:292:Infinity":42,"f:131:34:131:Infinity":6,"s:138:8:139:Infinity":43,"b:142:2:179:Infinity:undefined:undefined:undefined:undefined":19,"s:142:2:179:Infinity":44,"s:143:21:162:Infinity":45,"b:165:4:172:Infinity:undefined:undefined:undefined:undefined":20,"s:165:4:172:Infinity":46,"s:166:22:169:Infinity":47,"s:172:6:172:Infinity":48,"s:175:21:175:42":49,"s:179:4:179:Infinity":50,"b:179:11:179:53:179:53:179:Infinity":21,"b:182:2:214:Infinity:undefined:undefined:undefined:undefined":22,"s:182:2:214:Infinity":51,"s:183:21:198:6":52,"b:200:4:207:Infinity:undefined:undefined:undefined:undefined":23,"s:200:4:207:Infinity":53,"s:201:22:204:Infinity":54,"s:207:6:207:Infinity":55,"s:210:21:210:42":56,"s:214:4:214:Infinity":57,"b:214:11:214:53:214:53:214:Infinity":24,"b:217:2:249:Infinity:undefined:undefined:undefined:undefined":25,"s:217:2:249:Infinity":58,"s:218:21:232:6":59,"b:234:4:241:Infinity:undefined:undefined:undefined:undefined":26,"s:234:4:241:Infinity":60,"s:235:22:238:Infinity":61,"s:241:6:241:Infinity":62,"s:244:21:244:42":63,"s:248:17:248:Infinity":64,"f:248:34:248:40":7,"s:248:49:248:70":65,"s:249:4:249:Infinity":66,"b:249:11:249:19:249:19:249:Infinity":27,"s:252:19:275:Infinity":67,"b:278:2:285:Infinity:undefined:undefined:undefined:undefined":28,"s:278:2:285:Infinity":68,"s:279:20:282:Infinity":69,"s:285:4:285:Infinity":70,"s:288:19:288:40":71,"s:292:2:292:Infinity":72,"b:292:9:292:63:292:63:292:Infinity":29,"s:295:29:312:Infinity":73,"f:295:29:295:36":8,"s:302:25:307:Infinity":74,"s:310:17:310:56":75,"s:312:2:312:Infinity":76}}}
,"/home/x/Documents/easy-update/apps/server/src/services/noticesService.ts": {"path":"/home/x/Documents/easy-update/apps/server/src/services/noticesService.ts","statementMap":{"0":{"start":{"line":39,"column":13},"end":{"line":42,"column":null}},"1":{"start":{"line":40,"column":13},"end":{"line":40,"column":39}},"2":{"start":{"line":42,"column":2},"end":{"line":42,"column":null}},"3":{"start":{"line":45,"column":6},"end":{"line":53,"column":null}},"4":{"start":{"line":46,"column":8},"end":{"line":46,"column":58}},"5":{"start":{"line":47,"column":8},"end":{"line":47,"column":58}},"6":{"start":{"line":49,"column":2},"end":{"line":53,"column":null}},"7":{"start":{"line":56,"column":26},"end":{"line":59,"column":null}},"8":{"start":{"line":57,"column":18},"end":{"line":57,"column":43}},"9":{"start":{"line":59,"column":2},"end":{"line":59,"column":null}},"10":{"start":{"line":62,"column":29},"end":{"line":65,"column":null}},"11":{"start":{"line":63,"column":17},"end":{"line":63,"column":49}},"12":{"start":{"line":65,"column":2},"end":{"line":65,"column":null}},"13":{"start":{"line":68,"column":6},"end":{"line":103,"column":null}},"14":{"start":{"line":71,"column":2},"end":{"line":72,"column":null}},"15":{"start":{"line":72,"column":4},"end":{"line":72,"column":null}},"16":{"start":{"line":75,"column":2},"end":{"line":76,"column":null}},"17":{"start":{"line":76,"column":4},"end":{"line":76,"column":null}},"18":{"start":{"line":79,"column":2},"end":{"line":80,"column":null}},"19":{"start":{"line":80,"column":4},"end":{"line":80,"column":null}},"20":{"start":{"line":83,"column":8},"end":{"line":83,"column":58}},"21":{"start":{"line":85,"column":2},"end":{"line":86,"column":null}},"22":{"start":{"line":86,"column":4},"end":{"line":86,"column":null}},"23":{"start":{"line":89,"column":8},"end":{"line":89,"column":58}},"24":{"start":{"line":91,"column":2},"end":{"line":92,"column":null}},"25":{"start":{"line":92,"column":4},"end":{"line":92,"column":null}},"26":{"start":{"line":95,"column":2},"end":{"line":103,"column":null}},"27":{"start":{"line":106,"column":37},"end":{"line":136,"column":null}},"28":{"start":{"line":110,"column":21},"end":{"line":110,"column":48}},"29":{"start":{"line":112,"column":2},"end":{"line":113,"column":null}},"30":{"start":{"line":113,"column":4},"end":{"line":113,"column":null}},"31":{"start":{"line":116,"column":20},"end":{"line":121,"column":4}},"32":{"start":{"line":123,"column":2},"end":{"line":128,"column":null}},"33":{"start":{"line":124,"column":4},"end":{"line":128,"column":null}},"34":{"start":{"line":131,"column":18},"end":{"line":134,"column":4}},"35":{"start":{"line":136,"column":2},"end":{"line":136,"column":null}},"36":{"start":{"line":139,"column":37},"end":{"line":171,"column":null}},"37":{"start":{"line":144,"column":21},"end":{"line":144,"column":48}},"38":{"start":{"line":146,"column":2},"end":{"line":147,"column":null}},"39":{"start":{"line":147,"column":4},"end":{"line":147,"column":null}},"40":{"start":{"line":150,"column":20},"end":{"line":155,"column":4}},"41":{"start":{"line":157,"column":2},"end":{"line":162,"column":null}},"42":{"start":{"line":158,"column":4},"end":{"line":162,"column":null}},"43":{"start":{"line":165,"column":18},"end":{"line":165,"column":66}},"44":{"start":{"line":167,"column":2},"end":{"line":168,"column":null}},"45":{"start":{"line":168,"column":4},"end":{"line":168,"column":null}},"46":{"start":{"line":171,"column":2},"end":{"line":171,"column":null}},"47":{"start":{"line":174,"column":32},"end":{"line":184,"column":null}},"48":{"start":{"line":178,"column":18},"end":{"line":178,"column":48}},"49":{"start":{"line":180,"column":2},"end":{"line":181,"column":null}},"50":{"start":{"line":181,"column":4},"end":{"line":181,"column":null}},"51":{"start":{"line":184,"column":2},"end":{"line":184,"column":null}},"52":{"start":{"line":187,"column":6},"end":{"line":187,"column":null}},"53":{"start":{"line":187,"column":36},"end":{"line":187,"column":null}},"54":{"start":{"line":189,"column":46},"end":{"line":249,"column":null}},"55":{"start":{"line":193,"column":21},"end":{"line":193,"column":48}},"56":{"start":{"line":195,"column":2},"end":{"line":196,"column":null}},"57":{"start":{"line":196,"column":4},"end":{"line":196,"column":null}},"58":{"start":{"line":199,"column":26},"end":{"line":199,"column":null}},"59":{"start":{"line":200,"column":21},"end":{"line":205,"column":4}},"60":{"start":{"line":206,"column":2},"end":{"line":221,"column":null}},"61":{"start":{"line":208,"column":6},"end":{"line":209,"column":null}},"62":{"start":{"line":211,"column":4},"end":{"line":212,"column":null}},"63":{"start":{"line":212,"column":6},"end":{"line":212,"column":null}},"64":{"start":{"line":215,"column":20},"end":{"line":215,"column":78}},"65":{"start":{"line":217,"column":4},"end":{"line":218,"column":null}},"66":{"start":{"line":218,"column":6},"end":{"line":218,"column":null}},"67":{"start":{"line":221,"column":4},"end":{"line":221,"column":null}},"68":{"start":{"line":224,"column":27},"end":{"line":228,"column":4}},"69":{"start":{"line":229,"column":2},"end":{"line":242,"column":null}},"70":{"start":{"line":231,"column":6},"end":{"line":232,"column":null}},"71":{"start":{"line":231,"column":40},"end":{"line":231,"column":61}},"72":{"start":{"line":234,"column":20},"end":{"line":237,"column":6}},"73":{"start":{"line":238,"column":4},"end":{"line":239,"column":null}},"74":{"start":{"line":239,"column":6},"end":{"line":239,"column":null}},"75":{"start":{"line":242,"column":4},"end":{"line":242,"column":null}},"76":{"start":{"line":245,"column":18},"end":{"line":248,"column":4}},"77":{"start":{"line":249,"column":2},"end":{"line":249,"column":null}}},"fnMap":{"0":{"name":"(anonymous_0)","decl":{"start":{"line":39,"column":13},"end":{"line":39,"column":30}},"loc":{"start":{"line":39,"column":48},"end":{"line":42,"column":null}},"line":39},"1":{"name":"(anonymous_1)","decl":{"start":{"line":45,"column":6},"end":{"line":45,"column":25}},"loc":{"start":{"line":45,"column":64},"end":{"line":53,"column":null}},"line":45},"2":{"name":"(anonymous_2)","decl":{"start":{"line":56,"column":26},"end":{"line":56,"column":33}},"loc":{"start":{"line":56,"column":52},"end":{"line":59,"column":null}},"line":56},"3":{"name":"(anonymous_3)","decl":{"start":{"line":62,"column":29},"end":{"line":62,"column":36}},"loc":{"start":{"line":62,"column":67},"end":{"line":65,"column":null}},"line":62},"4":{"name":"(anonymous_4)","decl":{"start":{"line":68,"column":6},"end":{"line":68,"column":null}},"loc":{"start":{"line":70,"column":34},"end":{"line":103,"column":null}},"line":70},"5":{"name":"(anonymous_5)","decl":{"start":{"line":106,"column":37},"end":{"line":106,"column":null}},"loc":{"start":{"line":109,"column":36},"end":{"line":136,"column":null}},"line":109},"6":{"name":"(anonymous_6)","decl":{"start":{"line":139,"column":37},"end":{"line":139,"column":null}},"loc":{"start":{"line":143,"column":36},"end":{"line":171,"column":null}},"line":143},"7":{"name":"(anonymous_7)","decl":{"start":{"line":174,"column":32},"end":{"line":174,"column":null}},"loc":{"start":{"line":177,"column":36},"end":{"line":184,"column":null}},"line":177},"8":{"name":"(anonymous_8)","decl":{"start":{"line":187,"column":6},"end":{"line":187,"column":18}},"loc":{"start":{"line":187,"column":36},"end":{"line":187,"column":null}},"line":187},"9":{"name":"(anonymous_9)","decl":{"start":{"line":189,"column":46},"end":{"line":189,"column":null}},"loc":{"start":{"line":192,"column":35},"end":{"line":249,"column":null}},"line":192},"10":{"name":"(anonymous_10)","decl":{"start":{"line":231,"column":23},"end":{"line":231,"column":29}},"loc":{"start":{"line":231,"column":40},"end":{"line":231,"column":61}},"line":231}},"branchMap":{"0":{"loc":{"start":{"line":42,"column":9},"end":{"line":42,"column":null}},"type":"cond-expr","locations":[{"start":{"line":42,"column":42},"end":{"line":42,"column":47}},{"start":{"line":42,"column":47},"end":{"line":42,"column":null}}],"line":42},"1":{"loc":{"start":{"line":42,"column":9},"end":{"line":42,"column":42}},"type":"binary-expr","locations":[{"start":{"line":42,"column":9},"end":{"line":42,"column":29}},{"start":{"line":42,"column":33},"end":{"line":42,"column":42}}],"line":42},"2":{"loc":{"start":{"line":51,"column":10},"end":{"line":51,"column":null}},"type":"binary-expr","locations":[{"start":{"line":51,"column":10},"end":{"line":51,"column":27}},{"start":{"line":51,"column":27},"end":{"line":51,"column":null}}],"line":51},"3":{"loc":{"start":{"line":52,"column":10},"end":{"line":52,"column":null}},"type":"binary-expr","locations":[{"start":{"line":52,"column":10},"end":{"line":52,"column":27}},{"start":{"line":52,"column":27},"end":{"line":52,"column":null}}],"line":52},"4":{"loc":{"start":{"line":65,"column":9},"end":{"line":65,"column":null}},"type":"cond-expr","locations":[{"start":{"line":65,"column":18},"end":{"line":65,"column":41}},{"start":{"line":65,"column":44},"end":{"line":65,"column":null}}],"line":65},"5":{"loc":{"start":{"line":71,"column":2},"end":{"line":72,"column":null}},"type":"if","locations":[{"start":{"line":71,"column":2},"end":{"line":72,"column":null}},{"start":{},"end":{}}],"line":71},"6":{"loc":{"start":{"line":75,"column":2},"end":{"line":76,"column":null}},"type":"if","locations":[{"start":{"line":75,"column":2},"end":{"line":76,"column":null}},{"start":{},"end":{}}],"line":75},"7":{"loc":{"start":{"line":79,"column":2},"end":{"line":80,"column":null}},"type":"if","locations":[{"start":{"line":79,"column":2},"end":{"line":80,"column":null}},{"start":{},"end":{}}],"line":79},"8":{"loc":{"start":{"line":85,"column":2},"end":{"line":86,"column":null}},"type":"if","locations":[{"start":{"line":85,"column":2},"end":{"line":86,"column":null}},{"start":{},"end":{}}],"line":85},"9":{"loc":{"start":{"line":91,"column":2},"end":{"line":92,"column":null}},"type":"if","locations":[{"start":{"line":91,"column":2},"end":{"line":92,"column":null}},{"start":{},"end":{}}],"line":91},"10":{"loc":{"start":{"line":100,"column":16},"end":{"line":100,"column":null}},"type":"binary-expr","locations":[{"start":{"line":100,"column":16},"end":{"line":100,"column":38}},{"start":{"line":100,"column":42},"end":{"line":100,"column":null}}],"line":100},"11":{"loc":{"start":{"line":101,"column":17},"end":{"line":101,"column":null}},"type":"cond-expr","locations":[{"start":{"line":101,"column":56},"end":{"line":101,"column":74}},{"start":{"line":101,"column":74},"end":{"line":101,"column":null}}],"line":101},"12":{"loc":{"start":{"line":112,"column":2},"end":{"line":113,"column":null}},"type":"if","locations":[{"start":{"line":112,"column":2},"end":{"line":113,"column":null}},{"start":{},"end":{}}],"line":112},"13":{"loc":{"start":{"line":123,"column":2},"end":{"line":128,"column":null}},"type":"if","locations":[{"start":{"line":123,"column":2},"end":{"line":128,"column":null}},{"start":{},"end":{}}],"line":123},"14":{"loc":{"start":{"line":146,"column":2},"end":{"line":147,"column":null}},"type":"if","locations":[{"start":{"line":146,"column":2},"end":{"line":147,"column":null}},{"start":{},"end":{}}],"line":146},"15":{"loc":{"start":{"line":157,"column":2},"end":{"line":162,"column":null}},"type":"if","locations":[{"start":{"line":157,"column":2},"end":{"line":162,"column":null}},{"start":{},"end":{}}],"line":157},"16":{"loc":{"start":{"line":157,"column":6},"end":{"line":157,"column":40}},"type":"binary-expr","locations":[{"start":{"line":157,"column":6},"end":{"line":157,"column":19}},{"start":{"line":157,"column":19},"end":{"line":157,"column":40}}],"line":157},"17":{"loc":{"start":{"line":167,"column":2},"end":{"line":168,"column":null}},"type":"if","locations":[{"start":{"line":167,"column":2},"end":{"line":168,"column":null}},{"start":{},"end":{}}],"line":167},"18":{"loc":{"start":{"line":180,"column":2},"end":{"line":181,"column":null}},"type":"if","locations":[{"start":{"line":180,"column":2},"end":{"line":181,"column":null}},{"start":{},"end":{}}],"line":180},"19":{"loc":{"start":{"line":195,"column":2},"end":{"line":196,"column":null}},"type":"if","locations":[{"start":{"line":195,"column":2},"end":{"line":196,"column":null}},{"start":{},"end":{}}],"line":195},"20":{"loc":{"start":{"line":206,"column":2},"end":{"line":221,"column":null}},"type":"if","locations":[{"start":{"line":206,"column":2},"end":{"line":221,"column":null}},{"start":{},"end":{}}],"line":206},"21":{"loc":{"start":{"line":208,"column":6},"end":{"line":209,"column":null}},"type":"binary-expr","locations":[{"start":{"line":208,"column":6},"end":{"line":208,"column":null}},{"start":{"line":209,"column":6},"end":{"line":209,"column":null}}],"line":208},"22":{"loc":{"start":{"line":211,"column":4},"end":{"line":212,"column":null}},"type":"if","locations":[{"start":{"line":211,"column":4},"end":{"line":212,"column":null}},{"start":{},"end":{}}],"line":211},"23":{"loc":{"start":{"line":217,"column":4},"end":{"line":218,"column":null}},"type":"if","locations":[{"start":{"line":217,"column":4},"end":{"line":218,"column":null}},{"start":{},"end":{}}],"line":217},"24":{"loc":{"start":{"line":229,"column":2},"end":{"line":242,"column":null}},"type":"if","locations":[{"start":{"line":229,"column":2},"end":{"line":242,"column":null}},{"start":{},"end":{}}],"line":229},"25":{"loc":{"start":{"line":231,"column":6},"end":{"line":232,"column":null}},"type":"binary-expr","locations":[{"start":{"line":231,"column":6},"end":{"line":231,
[...]
,"/home/x/Documents/easy-update/apps/server/src/utils/noticeNormalization.ts": {"path":"/home/x/Documents/easy-update/apps/server/src/utils/noticeNormalization.ts","statementMap":{"0":{"start":{"line":1,"column":54},"end":{"line":14,"column":null}},"1":{"start":{"line":16,"column":6},"end":{"line":112,"column":null}},"2":{"start":{"line":17,"column":18},"end":{"line":17,"column":30}},"3":{"start":{"line":18,"column":22},"end":{"line":18,"column":46}},"4":{"start":{"line":20,"column":19},"end":{"line":20,"column":64}},"5":{"start":{"line":22,"column":2},"end":{"line":27,"column":null}},"6":{"start":{"line":23,"column":4},"end":{"line":27,"column":null}},"7":{"start":{"line":30,"column":29},"end":{"line":30,"column":79}},"8":{"start":{"line":32,"column":2},"end":{"line":41,"column":null}},"9":{"start":{"line":33,"column":23},"end":{"line":33,"column":58}},"10":{"start":{"line":34,"column":23},"end":{"line":34,"column":null}},"11":{"start":{"line":36,"column":4},"end":{"line":41,"column":null}},"12":{"start":{"line":37,"column":6},"end":{"line":41,"column":null}},"13":{"start":{"line":45,"column":26},"end":{"line":45,"column":78}},"14":{"start":{"line":47,"column":2},"end":{"line":52,"column":null}},"15":{"start":{"line":48,"column":4},"end":{"line":52,"column":null}},"16":{"start":{"line":55,"column":24},"end":{"line":55,"column":72}},"17":{"start":{"line":57,"column":2},"end":{"line":62,"column":null}},"18":{"start":{"line":58,"column":4},"end":{"line":62,"column":null}},"19":{"start":{"line":65,"column":28},"end":{"line":66,"column":null}},"20":{"start":{"line":69,"column":2},"end":{"line":78,"column":null}},"21":{"start":{"line":70,"column":23},"end":{"line":70,"column":69}},"22":{"start":{"line":71,"column":23},"end":{"line":71,"column":null}},"23":{"start":{"line":73,"column":4},"end":{"line":78,"column":null}},"24":{"start":{"line":74,"column":6},"end":{"line":78,"column":null}},"25":{"start":{"line":82,"column":35},"end":{"line":83,"column":null}},"26":{"start":{"line":86,"column":2},"end":{"line":107,"column":null}},"27":{"start":{"line":87,"column":23},"end":{"line":87,"column":76}},"28":{"start":{"line":88,"column":23},"end":{"line":88,"column":null}},"29":{"start":{"line":90,"column":4},"end":{"line":107,"column":null}},"30":{"start":{"line":91,"column":20},"end":{"line":91,"column":null}},"31":{"start":{"line":92,"column":18},"end":{"line":92,"column":53}},"32":{"start":{"line":94,"column":6},"end":{"line":107,"column":null}},"33":{"start":{"line":95,"column":26},"end":{"line":95,"column":63}},"34":{"start":{"line":96,"column":22},"end":{"line":96,"column":32}},"35":{"start":{"line":97,"column":27},"end":{"line":100,"column":null}},"36":{"start":{"line":103,"column":8},"end":{"line":107,"column":null}},"37":{"start":{"line":112,"column":2},"end":{"line":112,"column":null}},"38":{"start":{"line":115,"column":6},"end":{"line":170,"column":null}},"39":{"start":{"line":116,"column":21},"end":{"line":116,"column":47}},"40":{"start":{"line":117,"column":37},"end":{"line":118,"column":null}},"41":{"start":{"line":121,"column":2},"end":{"line":125,"column":null}},"42":{"start":{"line":122,"column":4},"end":{"line":125,"column":null}},"43":{"start":{"line":128,"column":30},"end":{"line":128,"column":69}},"44":{"start":{"line":130,"column":2},"end":{"line":134,"column":null}},"45":{"start":{"line":131,"column":4},"end":{"line":134,"column":null}},"46":{"start":{"line":137,"column":24},"end":{"line":137,"column":73}},"47":{"start":{"line":139,"column":31},"end":{"line":140,"column":null}},"48":{"start":{"line":143,"column":2},"end":{"line":153,"column":null}},"49":{"start":{"line":144,"column":21},"end":{"line":144,"column":52}},"50":{"start":{"line":145,"column":20},"end":{"line":145,"column":51}},"51":{"start":{"line":146,"column":21},"end":{"line":146,"column":null}},"52":{"start":{"line":148,"column":4},"end":{"line":149,"column":null}},"53":{"start":{"line":149,"column":6},"end":{"line":149,"column":null}},"54":{"start":{"line":152,"column":19},"end":{"line":152,"column":null}},"55":{"start":{"line":153,"column":4},"end":{"line":153,"column":null}},"56":{"start":{"line":156,"column":2},"end":{"line":157,"column":null}},"57":{"start":{"line":157,"column":4},"end":{"line":157,"column":null}},"58":{"start":{"line":160,"column":19},"end":{"line":160,"column":43}},"59":{"start":{"line":161,"column":18},"end":{"line":161,"column":42}},"60":{"start":{"line":162,"column":19},"end":{"line":162,"column":null}},"61":{"start":{"line":164,"column":2},"end":{"line":165,"column":null}},"62":{"start":{"line":165,"column":4},"end":{"line":165,"column":null}},"63":{"start":{"line":168,"column":17},"end":{"line":168,"column":null}},"64":{"start":{"line":170,"column":2},"end":{"line":170,"column":null}},"65":{"start":{"line":173,"column":6},"end":{"line":183,"column":null}},"66":{"start":{"line":174,"column":2},"end":{"line":175,"column":null}},"67":{"start":{"line":175,"column":4},"end":{"line":175,"column":null}},"68":{"start":{"line":178,"column":20},"end":{"line":178,"column":50}},"69":{"start":{"line":180,"column":2},"end":{"line":183,"column":null}},"70":{"start":{"line":187,"column":13},"end":{"line":202,"column":null}},"71":{"start":{"line":188,"column":17},"end":{"line":188,"column":44}},"72":{"start":{"line":190,"column":2},"end":{"line":191,"column":null}},"73":{"start":{"line":191,"column":4},"end":{"line":191,"column":null}},"74":{"start":{"line":194,"column":31},"end":{"line":194,"column":null}},"75":{"start":{"line":196,"column":2},"end":{"line":197,"column":null}},"76":{"start":{"line":197,"column":4},"end":{"line":197,"column":null}},"77":{"start":{"line":200,"column":2},"end":{"line":202,"column":null}},"78":{"start":{"line":205,"column":13},"end":{"line":224,"column":null}},"79":{"start":{"line":206,"column":2},"end":{"line":207,"column":null}},"80":{"start":{"line":207,"column":4},"end":{"line":207,"column":null}},"81":{"start":{"line":210,"column":17},"end":{"line":210,"column":44}},"82":{"start":{"line":212,"column":2},"end":{"line":213,"column":null}},"83":{"start":{"line":213,"column":4},"end":{"line":213,"column":null}},"84":{"start":{"line":216,"column":29},"end":{"line":216,"column":null}},"85":{"start":{"line":218,"column":2},"end":{"line":219,"column":null}},"86":{"start":{"line":219,"column":4},"end":{"line":219,"column":null}},"87":{"start":{"line":222,"column":2},"end":{"line":224,"column":null}}},"fnMap":{"0":{"name":"(anonymous_0)","decl":{"start":{"line":16,"column":6},"end":{"line":16,"column":30}},"loc":{"start":{"line":16,"column":48},"end":{"line":112,"column":null}},"line":16},"1":{"name":"(anonymous_1)","decl":{"start":{"line":115,"column":6},"end":{"line":115,"column":30}},"loc":{"start":{"line":115,"column":48},"end":{"line":170,"column":null}},"line":115},"2":{"name":"(anonymous_2)","decl":{"start":{"line":173,"column":6},"end":{"line":173,"column":26}},"loc":{"start":{"line":173,"column":71},"end":{"line":183,"column":null}},"line":173},"3":{"name":"(anonymous_3)","decl":{"start":{"line":187,"column":13},"end":{"line":187,"column":38}},"loc":{"start":{"line":187,"column":56},"end":{"line":202,"column":null}},"line":187},"4":{"name":"(anonymous_4)","decl":{"start":{"line":205,"column":13},"end":{"line":205,"column":38}},"loc":{"start":{"line":205,"column":56},"end":{"line":224,"column":null}},"line":205}},"branchMap":{"0":{"loc":{"start":{"line":22,"column":2},"end":{"line":27,"column":null}},"type":"if","locations":[{"start":{"line":22,"column":2},"end":{"line":27,"column":null}},{"start":{},"end":{}}],"line":22},"1":{"loc":{"start":{"line":32,"column":2},"end":{"line":41,"column":null}},"type":"if","locations":[{"start":{"line":32,"column":2},"end":{"line":41,"column":null}},{"start":{},"end":{}}],"line":32},"2":{"loc":{"start":{"line":36,"column":4},"end":{"line":41,"column":null}},"type":"if","locations":[{"start":{"line":36,"column":4},"end":{"line":41,"column":null}},{"start":{},"end":{}}],"line":36},"3":{"loc":{"start":{"line":47,"column":2},"end":{"line":52,"column":null}},"type":"if","locations":[{"start":{"line":47,"column":2},"end":{"line":52,"column":null}},{"start":{},"end":{}}],"line":47},"4":{"loc":{"start":{"line":57,"column":2},"end":{"line":62,"column":null}},"type":"if","locations":[{"start":{"line":57,"column":2},"end":{"line":62,"column":null}},{"start":{},"end":{}}],"line":57},"5":{"loc":{"start":{"line":69,"column":2},"end":{"line":78,"column":null}},"type":"if","locations":[{"start":{"line":69,"column":2},"end":{"line":78,"column":null}},{"start":{},"end":{}}],"line":69},"6":{"loc":{"start":{"line":73,"column":4},"end":{"line":78,"column":null}},"type":"if","locations":[{"start":{"line":73,"column":4},"end":{"line":78,"column":null}},{"start":{},"end":{}}],"line":73},"7":{"loc":{"start":{"line":86,"column":2},"end":{"line":107,"column":null}},"type":"if","locations":[{"start":{"line":86,"column":2},"end":{"line":107,"column":null}},{"start":{},"end":{}}],"line":86},"8":{"loc":{"start":{"line":90,"column":4},"end":{"line":107,"column":null}},"type":"if","locations":[{"start":{"line":90,"column":4},"end":{"line":107,"column":null}},{"start":{},"end":{}}],"line":90},"9":{"loc":{"start":{"line":94,"column":6},"end":{"line":107,"column":null}},"type":"if","locations":[{"start":{"line":94,"column":6},"end":{"line":107,"column":null}},{"start":{},"end":{}}],"line":94},"10":{"loc":{"start":{"line":104,"column":16},"end":{"line":104,"column":null}},"type":"cond-expr","locations":[{"start":{"line":104,"column":41},"end":{"line":104,"column":59}},{"start":{"line":104,"column":59},"end":{"line":104,"column":null}}],"line":104},"11":{"loc":{"start":{"line":121,"column":2},"end":{"line":125,"column":null}},"type":"if","locations":[{"start":{"line":121,"column":2},"end":{"line":125,"column":null}},{"start":{},"end":{}}],"line":121},"12":{"loc":{"start":{"line":130,"column":2},"end":{"line":134,"column":null}},"type":"if","locations":[{"start":{"line":130,"column":2},"end":{"line":134,"column":null}},{"start":{},"end":{}}],"line":130},"13":{"loc":{"start":{"line":143,"column":2},"end":{"line":153,"column":null}},"type":"if","locations":[{"start":{"line":143,"column":2},"end":{"line":153,"column":null}},{"start":{},"end":{}}],"line":143},"14":{"loc":{"start":{"line":148,"column":4},"end":{"line":149,"column":null}},"type":"if","locations":[{"start":{"line":148,"column":4},"end":{"line":149,"column":null}},{"start":{},"end":{}}],"line":148},"15":{"loc":{"start":{"line":148,"column":8},"end":{"line":148,"column":39}},"type":"binary-expr","locations":[{"start":{"line":148,"column":8},"end":{"line":148,"column":24}},{"start":{"line":148,"column":24},"end":{"line":148,"column":39}}],"line":148},"16":{"loc":{"start":{"line":152,"column":37},"end":{"line":152,"column":null}},"type":"cond-expr","locations":[{"start":{"line":152,"column":57},"end":{"line":152,"column":62}},{"start":{"line":152,"column":62},"end":{"line":152,"column":null}}],"line":152},"17":{"loc":{"start":{"line":156,"column":2},"end":{"line":157,"column":null}},"type":"if","locations":[{"start":{"line":156,"column":2},"end":{"line":157,"column":null}},{"start":{},"end":{}}],"line":156},"18":{"loc":{"start":{"line":164,"column":2},"end":{"line":165,"column":null}},"type":"if","locations":[{"start":{"line":164,"column":2},"end":{"line":165,"column":null}},{"start":{},"end":{}}],"line":164},"19":{"loc":{"start":{"line":164,"column":6},"end":{"line":164,"column":37}},"type":"binary-expr","locations":[{"start":{"line":164,"column":6},"end":{"line":164,"column":22}},{"start":{"line":164,"column":22},"end":{"line":164,"column":37}}],"line":164},"20":{"loc":{"start":{"line":168,"column":35},"end":{"line":168,"column":null}},"type":"cond-expr","locations":[{"start":{"line":168,"column":55},"end":{"line":168,"column":60}},{"start":{"line":168,"column":60},"end":{"line":168,"column":null}}],"line":168},"21":{"loc":{"start":{"line":174,"column":2},"end":{"line":175,"column":null}},"type":"if","locations":[{"start":{"line":174,"column":2},"end":{"line":175,"column":null}},{"start":{},"end":{}}],"line":174},"22":{"loc":{"start":{"line":174,"column":6},"end":{"line":174,"column":66}},"type":"binary-expr","locations":[{"start":{"line":174,"column":6},"end":{"line":174,"column":18}},{"start":{"line":174,"column":18},"end":{"line":174,"column":31}},{"start":{"line":174,"column":31},"end":{"line":174,"column":45}},{"start":{"line":174,"column":45},"end":{"line":174,"column":56}},{"start":{"line":174,"column":56},"end":{"line":174,"column":66}}],"line":174},"23":{"loc":{"start":{"line":181,"column":4},"end":{"line":183,"column":null}},"type":"binary-expr","locations":[{"start":{"line":181,"column":4},"end":{"line":181,"column":null}},{"start":{"line":182,"column":4},"end":{"line":182,"column":null}},{"start":{"line":183,"column":4},"end":{"line":183,"column":null}}],"line":181},"24":{"loc":{"start":{"line":190,"column":2},"end":{"line":191,"column":null}},"type":"if","locations":[{"start":{"line":190,"column":2},"end":{"line":191,"column":null}},{"start":{},"end":{}}],"line":190},"25":{"loc":{"start":{"line":196,"column":2},"end":{"line":197,"column":null}},"type":"if","locations":[{"start":{"line":196,"column":2},"end":{"line":197,"column":null}},{"start":{},"end":{}}],"line":196},"26":{"loc":{"start":{"line":206,"column":2},"end":{"line":207,"column":null}},"type":"if","locations":[{"start":{"line":206,"column":2},"end":{"line":207,"column":null}},{"start":{},"end":{}}],"line":206},"27":{"loc":{"start":{"line":212,"column":2},"end":{"line":213,"column":null}},"type":"if","locations":[{"start":{"line":212,"column":2},"end":{"line":213,"column":null}},{"start":{},"end":{}}],"line":212},"28":{"loc":{"start":{"line":218,"column":2},"end":{"line":219,"column":null}},"type":"if","locations":[{"start":{"line":218,"column":2},"end":{"line":219,"column":null}},{"start":{},"end":{}}],"line":218},"29":{"loc":{"start":{"line":218,"column":6},"end":{"line":218,"column":62}},"type":"binary-expr","locations":[{"start":{"line":218,"column":6},"end":{"line":218,"column":19}},{"start":{"line":218,"column":19},"end":{"line":218,"column":33}},{"start":{"line":218,"column":33},"end":{"line":218,"column":48}},{"start":{"line":218,"column":48},"end":{"line":218,"column":62}}],"line":218}},"s":{"0":1,"1":1,"2":13,"3":13,"4":13,"5":13,"6":2,"7":11,"8":11,"9":2,"10":2,"11":2,"12":2,"13":9,"14":9,"15":2,"16":7,"17":7,"18":1,"19":6,"20":6,"21":2,"22":2,"23":2,"24":2,"25":4,"26":4,"27":1,"28":1,"29":1,"30":1,"31":1,"32":1,"33":1,"34":1,"35":1,"36":1,"37":3,"38":1,"39":13,"40":13,"41":13,"42":1,"43":12,"44":12,"45":4,"46":8,"47":8,"48":8,"49":1,"50":1,"51":1,"52":1,"53":0,"54":1,"55":1,"56":7,"57":3,"58":4,"59":4,"60":4,"61":4,"62":0,"63":4,"64":13,"65":1,"66":11,"67":2,"68":9,"69":9,"70":1,"71":13,"72":13,"73":3,"74":10,"75":10,"76":2,"77":8,"78":1,"79":15,"80":2,"81":13,"82":13,"83":3,"84":10,"85":10,"86":2,"87":8},"f":{"0":13,"1":13,"2":11,"3":13,"4":15},"b":{"0":[2,11],"1":[2,9],"2":[2,0],"3":[2,7],"4":[1,6],"5":[2,4],"6":[2,0],"7":[1,3],"8":[1,0],"9":[1,0],"10":[0,1],"11":[1,12],"12":[4,8],"13":[1,7],"14":[0,1],"15":[1,1],"16":[1,0],"17":[3,4],"18":[0,4],"19":[4,4],"20":[2,2],"21":[2,9],"22":[11,11,11,10,10],"23":[9,9,9],"24":[3,10],"25":[2,8],"26":[2,13],"27":[3,10],"28":[2,8],"29":[10,10,9,9]},"meta":{"lastBranch":30,"lastFunction":5,"lastStatement":88,"seen":{"s:1:54:14:Infinity":0,"s:16:6:112:Infinity":1,"f:16:6:16:30":0,"s:17:18:17:30":2,"s:18:22:18:46":3,"s:20:19:20:64":4,"b:22:2:27:Infinity:undefined:undefined:undefined:undefined":0,"s:22:2:27:Infinity":5,"s:23:4:27:Infinity":6,"s:30:29:30:79":7,"b:32:2:41:Infinity:undefined:undefined:undefined:undefined":1,"s:32:2:41:Infinity":8,"s:33:23:33:58":9,"s:34:23:34:Infinity":10,"b:36:4:41:Infinity:undefined:undefined:undefined:undefined":2,"s:36:4:41:Infinity":11,"s:37:6:41:Infinity":12,"s:45:26:45:78":13,"b:47:2:52:Infinity:undefined:undefined:undefined:undefined":3,"s:47:2:52:Infinity":14,"s:48:4:52:Infinity":15,"s:55:24:55:72":16,"b:57:2:62:Infinity:undefined:undefined:undefined:undefined":4,"s:57:2:62:Infinity":17,"s:58:4:62:Infinity":18,"s:65:28:66:Infinity":19,"b:69:2:78:Infinity:undefined:undefined:undefined:undefined":5,"s:69:2:78:Infinity":20,"s:70:23:70:69":21,"s:71:23:71:Infinity":22,"b:73:4:78:Infinity:undefined:undefined:undefined:undefined":6,"s:73:4:78:Infinity":23,"s:74:6:78:Infinity":24,"s:82:35:83:Infinity":25,"b:86:2:107:Infinity:undefined:undefined:undefined:undefined":7,"s:86:2:107:Infinity":26,"s:87:23:87:76":27,"s:88:23:88:Infinity":28,"b:90:4:107:Infinity:undefined:undefined:undefined:undefined":8,"s:90:4:107:Infinity":29,"s:91:20:91:Infinity":30,"s:92:18:92:53":31,"b:94:6:107:Infinity:undefined:undefined:undefined:undefined":9,"s:94:6:107:Infinity":32,"s:95:26:95:63":33,"s:96:22:96:32":34,"s:97:27:100:Infinity":35,"s:103:8:107:Infinity":36,"b:104:41:104:59:104:59:104:Infinity":10,"s:112:2:112:Infinity":37,"s:115:6:170:Infinity":38,"f:115:6:115:30":1,"s:116:21:116:47":39,"s:117:37:118:Infinity":40,"b:121:2:125:Infinity:undefined:undefined:undefined:undefined":11,"s:121:2:125:Infinity":41,"s:122:4:125:Infinity":42,"s:128:30:128:69":43,"b:130:2:134:Infinity:undefined:undefined:undefined:undefined":12,"s:130:2:134:Infinity":44,"s:131:4:134:Infinity":45,"s:137:24:137:73":46,"s:139:31:140:Infinity":47,"b:143:2:153:Infinity:undefined:undefined:undefined:undefined":13,"s:143:2:153:Infinity":48,"s:144:21:144:52":49,"s:145:20:145:51":50,"s:146:21:146:Infinity":51,"b:148:4:149:Infinity:undefined:undefined:undefined:undefined":14,"s:148:4:149:Infinity":52,"b:148:8:148:24:148:24:148:39":15,"s:149:6:149:Infinity":53,"s:152:19:152:Infinity":54,"b:152:57:152:62:152:62:152:Infinity":16,"s:153:4:153:Infinity":55,"b:156:2:157:Infinity:undefined:undefined:undefined:undefined":17,"s:156:2:157:Infinity":56,"s:157:4:157:Infinity":57,"s:160:19:160:43":58,"s:161:18:161:42":59,"s:162:19:162:Infinity":60,"b:164:2:165:Infinity:undefined:undefined:undefined:undefined":18,"s:164:2:165:Infinity":61,"b:164:6:164:22:164:22:164:37":19,"s:165:4:165:Infinity":62,"s:168:17:168:Infinity":63,"b:168:55:168:60:168:60:168:Infinity":20,"s:170:2:170:Infinity":64,"s:173:6:183:Infinity":65,"f:173:6:173:26":2,"b:174:2:175:Infinity:undefined:undefined:undefined:undefined":21,"s:174:2:175:Infinity":66,"b:174:6:174:18:174:18:174:31:174:31:174:45:174:45:174:56:174:56:174:66":22,"s:175:4:175:Infinity":67,"s:178:20:178:50":68,"s:180:2:183:Infinity":69,"b:181:4:181:Infinity:182:4:182:Infinity:183:4:183:Infinity":23,"s:187:13:202:Infinity":70,"f:187:13:187:38":3,"s:188:17:188:44":71,"b:190:2:191:Infinity:undefined:undefined:undefined:undefined":24,"s:190:2:191:Infinity":72,"s:191:4:191:Infinity":73,"s:194:31:194:Infinity":74,"b:196:2:197:Infinity:undefined:undefined:undefined:undefined":25,"s:196:2:197:Infinity":75,"s:197:4:197:Infinity":76,"s:200:2:202:Infinity":77,"s:205:13:224:Infinity":78,"f:205:13:205:38":4,"b:206:2:207:Infinity:undefined:undefined:undefined:undefined":26,"s:206:2:207:Infinity":79,"s:207:4:207:Infinity":80,"s:210:17:210:44":81,"b:212:2:213:Infinity:undefined:undefined:undefined:undefined":27,"s:212:2:213:Infinity":82,"s:213:4:213:Infinity":83,"s:216:29:216:Infinity":84,"b:218:2:219:Infinity:undefined:undefined:undefined:undefined":28,"s:218:2:219:Infinity":85,"b:218:6:218:19:218:19:218:33:218:33:218:48:218:48:218:62":29,"s:219:4:219:Infinity":86,"s:222:2:224:Infinity":87}}}
}
